2019-04-29 12:48:50.445 [main] INFO  manager.ManagerApplication - Starting ManagerApplication on ZMVN4T8LWFXJUDF with PID 5628 (C:\Users\Administrator\IdeaProjects\myshopManager\target\classes started by Administrator in C:\Users\Administrator\IdeaProjects\myshopManager)
2019-04-29 12:48:50.475 [main] INFO  manager.ManagerApplication - No active profile set, falling back to default profiles: default
2019-04-29 12:48:54.515 [main] INFO  o.s.boot.web.embedded.tomcat.TomcatWebServer - Tomcat initialized with port(s): 8089 (http)
2019-04-29 12:48:54.545 [main] INFO  org.apache.coyote.http11.Http11NioProtocol - Initializing ProtocolHandler ["http-nio-8089"]
2019-04-29 12:48:54.565 [main] INFO  org.apache.catalina.core.StandardService - Starting service [Tomcat]
2019-04-29 12:48:54.565 [main] INFO  org.apache.catalina.core.StandardEngine - Starting Servlet engine: [Apache Tomcat/9.0.16]
2019-04-29 12:48:54.575 [main] INFO  org.apache.catalina.core.AprLifecycleListener - The APR based Apache Tomcat Native library which allows optimal performance in production environments was not found on the java.library.path: [D:\code softwore\Java\jdk1.8.0_201\bin;C:\Windows\Sun\Java\bin;C:\Windows\system32;C:\Windows;C:\Windows\system32;C:\Windows;C:\Windows\System32\Wbem;C:\Windows\System32\WindowsPowerShell\v1.0\;D:\code softwore\Java\jdk1.8.0_201\bin;D:\code softwore\Java\jdk1.8.0_201\jre\bin;D:\code softwore\apache-maven-3.6.0\bin;C:\MyTools\Git\cmd;D:\code softwore\mysql-5.7.25-winx64;;.]
2019-04-29 12:48:54.785 [main] INFO  o.a.c.core.ContainerBase.[Tomcat].[localhost].[/] - Initializing Spring embedded WebApplicationContext
2019-04-29 12:48:54.785 [main] INFO  org.springframework.web.context.ContextLoader - Root WebApplicationContext: initialization completed in 4050 ms
2019-04-29 12:48:55.485 [main] INFO  o.s.scheduling.concurrent.ThreadPoolTaskExecutor - Initializing ExecutorService 'applicationTaskExecutor'
2019-04-29 12:48:56.055 [main] INFO  org.apache.coyote.http11.Http11NioProtocol - Starting ProtocolHandler ["http-nio-8089"]
2019-04-29 12:48:56.265 [main] INFO  o.s.boot.web.embedded.tomcat.TomcatWebServer - Tomcat started on port(s): 8089 (http) with context path ''
2019-04-29 12:48:56.265 [main] INFO  manager.ManagerApplication - Started ManagerApplication in 8.48 seconds (JVM running for 21.07)
2019-04-29 12:49:25.531 [http-nio-8089-exec-1] INFO  o.a.c.core.ContainerBase.[Tomcat].[localhost].[/] - Initializing Spring DispatcherServlet 'dispatcherServlet'
2019-04-29 12:49:25.532 [http-nio-8089-exec-1] INFO  org.springframework.web.servlet.DispatcherServlet - Initializing Servlet 'dispatcherServlet'
2019-04-29 12:49:25.553 [http-nio-8089-exec-1] INFO  org.springframework.web.servlet.DispatcherServlet - Completed initialization in 20 ms
2019-04-29 12:49:40.099 [http-nio-8089-exec-5] INFO  com.zaxxer.hikari.HikariDataSource - HikariPool-1 - Starting...
2019-04-29 12:49:40.288 [http-nio-8089-exec-5] INFO  com.zaxxer.hikari.HikariDataSource - HikariPool-1 - Start completed.
2019-04-29 13:47:03.490 [main] INFO  manager.ManagerApplication - Starting ManagerApplication on ZMVN4T8LWFXJUDF with PID 7364 (C:\Users\Administrator\IdeaProjects\myshopManager\target\classes started by Administrator in C:\Users\Administrator\IdeaProjects\myshopManager)
2019-04-29 13:47:03.495 [main] INFO  manager.ManagerApplication - No active profile set, falling back to default profiles: default
2019-04-29 13:47:05.176 [main] INFO  o.s.boot.web.embedded.tomcat.TomcatWebServer - Tomcat initialized with port(s): 8089 (http)
2019-04-29 13:47:05.191 [main] INFO  org.apache.coyote.http11.Http11NioProtocol - Initializing ProtocolHandler ["http-nio-8089"]
2019-04-29 13:47:05.200 [main] INFO  org.apache.catalina.core.StandardService - Starting service [Tomcat]
2019-04-29 13:47:05.200 [main] INFO  org.apache.catalina.core.StandardEngine - Starting Servlet engine: [Apache Tomcat/9.0.16]
2019-04-29 13:47:05.207 [main] INFO  org.apache.catalina.core.AprLifecycleListener - The APR based Apache Tomcat Native library which allows optimal performance in production environments was not found on the java.library.path: [D:\code softwore\Java\jdk1.8.0_201\bin;C:\Windows\Sun\Java\bin;C:\Windows\system32;C:\Windows;C:\Windows\system32;C:\Windows;C:\Windows\System32\Wbem;C:\Windows\System32\WindowsPowerShell\v1.0\;D:\code softwore\Java\jdk1.8.0_201\bin;D:\code softwore\Java\jdk1.8.0_201\jre\bin;D:\code softwore\apache-maven-3.6.0\bin;C:\MyTools\Git\cmd;D:\code softwore\mysql-5.7.25-winx64;;.]
2019-04-29 13:47:05.345 [main] INFO  o.a.c.core.ContainerBase.[Tomcat].[localhost].[/] - Initializing Spring embedded WebApplicationContext
2019-04-29 13:47:05.345 [main] INFO  org.springframework.web.context.ContextLoader - Root WebApplicationContext: initialization completed in 1747 ms
2019-04-29 13:47:05.749 [main] INFO  o.s.scheduling.concurrent.ThreadPoolTaskExecutor - Initializing ExecutorService 'applicationTaskExecutor'
2019-04-29 13:47:05.983 [main] INFO  org.apache.coyote.http11.Http11NioProtocol - Starting ProtocolHandler ["http-nio-8089"]
2019-04-29 13:47:06.119 [main] INFO  o.s.boot.web.embedded.tomcat.TomcatWebServer - Tomcat started on port(s): 8089 (http) with context path ''
2019-04-29 13:47:06.122 [main] INFO  manager.ManagerApplication - Started ManagerApplication in 3.271 seconds (JVM running for 4.203)
2019-04-29 13:47:17.606 [http-nio-8089-exec-1] INFO  o.a.c.core.ContainerBase.[Tomcat].[localhost].[/] - Initializing Spring DispatcherServlet 'dispatcherServlet'
2019-04-29 13:47:17.606 [http-nio-8089-exec-1] INFO  org.springframework.web.servlet.DispatcherServlet - Initializing Servlet 'dispatcherServlet'
2019-04-29 13:47:17.613 [http-nio-8089-exec-1] INFO  org.springframework.web.servlet.DispatcherServlet - Completed initialization in 7 ms
2019-04-29 13:47:17.653 [http-nio-8089-exec-1] INFO  com.zaxxer.hikari.HikariDataSource - HikariPool-1 - Starting...
2019-04-29 13:47:17.760 [http-nio-8089-exec-1] INFO  com.zaxxer.hikari.HikariDataSource - HikariPool-1 - Start completed.
2019-04-29 14:05:33.888 [main] INFO  manager.ManagerApplication - Starting ManagerApplication on ZMVN4T8LWFXJUDF with PID 10556 (C:\Users\Administrator\IdeaProjects\myshopManager\target\classes started by Administrator in C:\Users\Administrator\IdeaProjects\myshopManager)
2019-04-29 14:05:33.892 [main] INFO  manager.ManagerApplication - No active profile set, falling back to default profiles: default
2019-04-29 14:05:35.638 [main] INFO  o.s.boot.web.embedded.tomcat.TomcatWebServer - Tomcat initialized with port(s): 8089 (http)
2019-04-29 14:05:35.652 [main] INFO  org.apache.coyote.http11.Http11NioProtocol - Initializing ProtocolHandler ["http-nio-8089"]
2019-04-29 14:05:35.675 [main] INFO  org.apache.catalina.core.StandardService - Starting service [Tomcat]
2019-04-29 14:05:35.675 [main] INFO  org.apache.catalina.core.StandardEngine - Starting Servlet engine: [Apache Tomcat/9.0.16]
2019-04-29 14:05:35.682 [main] INFO  org.apache.catalina.core.AprLifecycleListener - The APR based Apache Tomcat Native library which allows optimal performance in production environments was not found on the java.library.path: [D:\code softwore\Java\jdk1.8.0_201\bin;C:\Windows\Sun\Java\bin;C:\Windows\system32;C:\Windows;C:\Windows\system32;C:\Windows;C:\Windows\System32\Wbem;C:\Windows\System32\WindowsPowerShell\v1.0\;D:\code softwore\Java\jdk1.8.0_201\bin;D:\code softwore\Java\jdk1.8.0_201\jre\bin;D:\code softwore\apache-maven-3.6.0\bin;C:\MyTools\Git\cmd;D:\code softwore\mysql-5.7.25-winx64;;.]
2019-04-29 14:05:35.784 [main] INFO  o.a.c.core.ContainerBase.[Tomcat].[localhost].[/] - Initializing Spring embedded WebApplicationContext
2019-04-29 14:05:35.785 [main] INFO  org.springframework.web.context.ContextLoader - Root WebApplicationContext: initialization completed in 1831 ms
2019-04-29 14:05:36.153 [main] INFO  o.s.scheduling.concurrent.ThreadPoolTaskExecutor - Initializing ExecutorService 'applicationTaskExecutor'
2019-04-29 14:05:36.396 [main] INFO  org.apache.coyote.http11.Http11NioProtocol - Starting ProtocolHandler ["http-nio-8089"]
2019-04-29 14:05:36.524 [main] INFO  o.s.boot.web.embedded.tomcat.TomcatWebServer - Tomcat started on port(s): 8089 (http) with context path ''
2019-04-29 14:05:36.528 [main] INFO  manager.ManagerApplication - Started ManagerApplication in 3.406 seconds (JVM running for 4.381)
2019-04-29 14:05:38.690 [http-nio-8089-exec-1] INFO  o.a.c.core.ContainerBase.[Tomcat].[localhost].[/] - Initializing Spring DispatcherServlet 'dispatcherServlet'
2019-04-29 14:05:38.691 [http-nio-8089-exec-1] INFO  org.springframework.web.servlet.DispatcherServlet - Initializing Servlet 'dispatcherServlet'
2019-04-29 14:05:38.699 [http-nio-8089-exec-1] INFO  org.springframework.web.servlet.DispatcherServlet - Completed initialization in 7 ms
2019-04-29 14:05:38.737 [http-nio-8089-exec-1] INFO  com.zaxxer.hikari.HikariDataSource - HikariPool-1 - Starting...
2019-04-29 14:05:38.844 [http-nio-8089-exec-1] INFO  com.zaxxer.hikari.HikariDataSource - HikariPool-1 - Start completed.
2019-04-29 14:05:52.466 [main] INFO  manager.ManagerApplication - Starting ManagerApplication on ZMVN4T8LWFXJUDF with PID 6396 (C:\Users\Administrator\IdeaProjects\myshopManager\target\classes started by Administrator in C:\Users\Administrator\IdeaProjects\myshopManager)
2019-04-29 14:05:52.470 [main] INFO  manager.ManagerApplication - No active profile set, falling back to default profiles: default
2019-04-29 14:05:54.384 [main] INFO  o.s.boot.web.embedded.tomcat.TomcatWebServer - Tomcat initialized with port(s): 8089 (http)
2019-04-29 14:05:54.400 [main] INFO  org.apache.coyote.http11.Http11NioProtocol - Initializing ProtocolHandler ["http-nio-8089"]
2019-04-29 14:05:54.409 [main] INFO  org.apache.catalina.core.StandardService - Starting service [Tomcat]
2019-04-29 14:05:54.409 [main] INFO  org.apache.catalina.core.StandardEngine - Starting Servlet engine: [Apache Tomcat/9.0.16]
2019-04-29 14:05:54.416 [main] INFO  org.apache.catalina.core.AprLifecycleListener - The APR based Apache Tomcat Native library which allows optimal performance in production environments was not found on the java.library.path: [D:\code softwore\Java\jdk1.8.0_201\bin;C:\Windows\Sun\Java\bin;C:\Windows\system32;C:\Windows;C:\Windows\system32;C:\Windows;C:\Windows\System32\Wbem;C:\Windows\System32\WindowsPowerShell\v1.0\;D:\code softwore\Java\jdk1.8.0_201\bin;D:\code softwore\Java\jdk1.8.0_201\jre\bin;D:\code softwore\apache-maven-3.6.0\bin;C:\MyTools\Git\cmd;D:\code softwore\mysql-5.7.25-winx64;;.]
2019-04-29 14:05:54.531 [main] INFO  o.a.c.core.ContainerBase.[Tomcat].[localhost].[/] - Initializing Spring embedded WebApplicationContext
2019-04-29 14:05:54.532 [main] INFO  org.springframework.web.context.ContextLoader - Root WebApplicationContext: initialization completed in 2001 ms
2019-04-29 14:05:54.940 [main] INFO  o.s.scheduling.concurrent.ThreadPoolTaskExecutor - Initializing ExecutorService 'applicationTaskExecutor'
2019-04-29 14:05:55.190 [main] INFO  org.apache.coyote.http11.Http11NioProtocol - Starting ProtocolHandler ["http-nio-8089"]
2019-04-29 14:05:55.315 [main] INFO  o.s.boot.web.embedded.tomcat.TomcatWebServer - Tomcat started on port(s): 8089 (http) with context path ''
2019-04-29 14:05:55.319 [main] INFO  manager.ManagerApplication - Started ManagerApplication in 3.587 seconds (JVM running for 4.524)
2019-04-29 14:06:00.936 [http-nio-8089-exec-1] INFO  o.a.c.core.ContainerBase.[Tomcat].[localhost].[/] - Initializing Spring DispatcherServlet 'dispatcherServlet'
2019-04-29 14:06:00.937 [http-nio-8089-exec-1] INFO  org.springframework.web.servlet.DispatcherServlet - Initializing Servlet 'dispatcherServlet'
2019-04-29 14:06:00.944 [http-nio-8089-exec-1] INFO  org.springframework.web.servlet.DispatcherServlet - Completed initialization in 7 ms
2019-04-29 14:06:03.050 [http-nio-8089-exec-2] INFO  com.zaxxer.hikari.HikariDataSource - HikariPool-1 - Starting...
2019-04-29 14:06:03.166 [http-nio-8089-exec-2] INFO  com.zaxxer.hikari.HikariDataSource - HikariPool-1 - Start completed.
2019-04-29 14:07:45.533 [main] INFO  manager.ManagerApplication - Starting ManagerApplication on ZMVN4T8LWFXJUDF with PID 8812 (C:\Users\Administrator\IdeaProjects\myshopManager\target\classes started by Administrator in C:\Users\Administrator\IdeaProjects\myshopManager)
2019-04-29 14:07:45.537 [main] INFO  manager.ManagerApplication - No active profile set, falling back to default profiles: default
2019-04-29 14:07:46.875 [main] INFO  o.s.boot.web.embedded.tomcat.TomcatWebServer - Tomcat initialized with port(s): 8089 (http)
2019-04-29 14:07:46.894 [main] INFO  org.apache.coyote.http11.Http11NioProtocol - Initializing ProtocolHandler ["http-nio-8089"]
2019-04-29 14:07:46.907 [main] INFO  org.apache.catalina.core.StandardService - Starting service [Tomcat]
2019-04-29 14:07:46.907 [main] INFO  org.apache.catalina.core.StandardEngine - Starting Servlet engine: [Apache Tomcat/9.0.16]
2019-04-29 14:07:46.915 [main] INFO  org.apache.catalina.core.AprLifecycleListener - The APR based Apache Tomcat Native library which allows optimal performance in production environments was not found on the java.library.path: [D:\code softwore\Java\jdk1.8.0_201\bin;C:\Windows\Sun\Java\bin;C:\Windows\system32;C:\Windows;C:\Windows\system32;C:\Windows;C:\Windows\System32\Wbem;C:\Windows\System32\WindowsPowerShell\v1.0\;D:\code softwore\Java\jdk1.8.0_201\bin;D:\code softwore\Java\jdk1.8.0_201\jre\bin;D:\code softwore\apache-maven-3.6.0\bin;C:\MyTools\Git\cmd;D:\code softwore\mysql-5.7.25-winx64;;.]
2019-04-29 14:07:47.094 [main] INFO  o.a.c.core.ContainerBase.[Tomcat].[localhost].[/] - Initializing Spring embedded WebApplicationContext
2019-04-29 14:07:47.094 [main] INFO  org.springframework.web.context.ContextLoader - Root WebApplicationContext: initialization completed in 1505 ms
2019-04-29 14:07:47.539 [main] INFO  o.s.scheduling.concurrent.ThreadPoolTaskExecutor - Initializing ExecutorService 'applicationTaskExecutor'
2019-04-29 14:07:47.836 [main] INFO  org.apache.coyote.http11.Http11NioProtocol - Starting ProtocolHandler ["http-nio-8089"]
2019-04-29 14:07:47.992 [main] INFO  o.s.boot.web.embedded.tomcat.TomcatWebServer - Tomcat started on port(s): 8089 (http) with context path ''
2019-04-29 14:07:47.996 [main] INFO  manager.ManagerApplication - Started ManagerApplication in 3.318 seconds (JVM running for 4.614)
2019-04-29 14:08:02.600 [http-nio-8089-exec-1] INFO  o.a.c.core.ContainerBase.[Tomcat].[localhost].[/] - Initializing Spring DispatcherServlet 'dispatcherServlet'
2019-04-29 14:08:02.600 [http-nio-8089-exec-1] INFO  org.springframework.web.servlet.DispatcherServlet - Initializing Servlet 'dispatcherServlet'
2019-04-29 14:08:02.608 [http-nio-8089-exec-1] INFO  org.springframework.web.servlet.DispatcherServlet - Completed initialization in 8 ms
2019-04-29 14:08:04.547 [http-nio-8089-exec-2] INFO  com.zaxxer.hikari.HikariDataSource - HikariPool-1 - Starting...
2019-04-29 14:08:04.665 [http-nio-8089-exec-2] INFO  com.zaxxer.hikari.HikariDataSource - HikariPool-1 - Start completed.
2019-04-29 14:09:41.153 [main] INFO  manager.ManagerApplication - Starting ManagerApplication on ZMVN4T8LWFXJUDF with PID 6172 (C:\Users\Administrator\IdeaProjects\myshopManager\target\classes started by Administrator in C:\Users\Administrator\IdeaProjects\myshopManager)
2019-04-29 14:09:41.156 [main] INFO  manager.ManagerApplication - No active profile set, falling back to default profiles: default
2019-04-29 14:09:42.925 [main] INFO  o.s.boot.web.embedded.tomcat.TomcatWebServer - Tomcat initialized with port(s): 8089 (http)
2019-04-29 14:09:42.982 [main] INFO  org.apache.coyote.http11.Http11NioProtocol - Initializing ProtocolHandler ["http-nio-8089"]
2019-04-29 14:09:42.996 [main] INFO  org.apache.catalina.core.StandardService - Starting service [Tomcat]
2019-04-29 14:09:42.997 [main] INFO  org.apache.catalina.core.StandardEngine - Starting Servlet engine: [Apache Tomcat/9.0.16]
2019-04-29 14:09:43.005 [main] INFO  org.apache.catalina.core.AprLifecycleListener - The APR based Apache Tomcat Native library which allows optimal performance in production environments was not found on the java.library.path: [D:\code softwore\Java\jdk1.8.0_201\bin;C:\Windows\Sun\Java\bin;C:\Windows\system32;C:\Windows;C:\Windows\system32;C:\Windows;C:\Windows\System32\Wbem;C:\Windows\System32\WindowsPowerShell\v1.0\;D:\code softwore\Java\jdk1.8.0_201\bin;D:\code softwore\Java\jdk1.8.0_201\jre\bin;D:\code softwore\apache-maven-3.6.0\bin;C:\MyTools\Git\cmd;D:\code softwore\mysql-5.7.25-winx64;;.]
2019-04-29 14:09:43.179 [main] INFO  o.a.c.core.ContainerBase.[Tomcat].[localhost].[/] - Initializing Spring embedded WebApplicationContext
2019-04-29 14:09:43.180 [main] INFO  org.springframework.web.context.ContextLoader - Root WebApplicationContext: initialization completed in 1986 ms
2019-04-29 14:09:43.553 [main] INFO  o.s.scheduling.concurrent.ThreadPoolTaskExecutor - Initializing ExecutorService 'applicationTaskExecutor'
2019-04-29 14:09:43.831 [main] INFO  org.apache.coyote.http11.Http11NioProtocol - Starting ProtocolHandler ["http-nio-8089"]
2019-04-29 14:09:43.981 [main] INFO  o.s.boot.web.embedded.tomcat.TomcatWebServer - Tomcat started on port(s): 8089 (http) with context path ''
2019-04-29 14:09:43.985 [main] INFO  manager.ManagerApplication - Started ManagerApplication in 3.367 seconds (JVM running for 4.393)
2019-04-29 14:09:46.714 [http-nio-8089-exec-1] INFO  o.a.c.core.ContainerBase.[Tomcat].[localhost].[/] - Initializing Spring DispatcherServlet 'dispatcherServlet'
2019-04-29 14:09:46.715 [http-nio-8089-exec-1] INFO  org.springframework.web.servlet.DispatcherServlet - Initializing Servlet 'dispatcherServlet'
2019-04-29 14:09:46.721 [http-nio-8089-exec-1] INFO  org.springframework.web.servlet.DispatcherServlet - Completed initialization in 6 ms
2019-04-29 14:09:48.489 [http-nio-8089-exec-3] INFO  com.zaxxer.hikari.HikariDataSource - HikariPool-1 - Starting...
2019-04-29 14:09:48.624 [http-nio-8089-exec-3] INFO  com.zaxxer.hikari.HikariDataSource - HikariPool-1 - Start completed.
2019-04-29 14:15:20.902 [main] INFO  manager.ManagerApplication - Starting ManagerApplication on ZMVN4T8LWFXJUDF with PID 10828 (C:\Users\Administrator\IdeaProjects\myshopManager\target\classes started by Administrator in C:\Users\Administrator\IdeaProjects\myshopManager)
2019-04-29 14:15:20.906 [main] INFO  manager.ManagerApplication - No active profile set, falling back to default profiles: default
2019-04-29 14:15:23.058 [main] INFO  o.s.boot.web.embedded.tomcat.TomcatWebServer - Tomcat initialized with port(s): 8089 (http)
2019-04-29 14:15:23.075 [main] INFO  org.apache.coyote.http11.Http11NioProtocol - Initializing ProtocolHandler ["http-nio-8089"]
2019-04-29 14:15:23.087 [main] INFO  org.apache.catalina.core.StandardService - Starting service [Tomcat]
2019-04-29 14:15:23.087 [main] INFO  org.apache.catalina.core.StandardEngine - Starting Servlet engine: [Apache Tomcat/9.0.16]
2019-04-29 14:15:23.094 [main] INFO  org.apache.catalina.core.AprLifecycleListener - The APR based Apache Tomcat Native library which allows optimal performance in production environments was not found on the java.library.path: [D:\code softwore\Java\jdk1.8.0_201\bin;C:\Windows\Sun\Java\bin;C:\Windows\system32;C:\Windows;C:\Windows\system32;C:\Windows;C:\Windows\System32\Wbem;C:\Windows\System32\WindowsPowerShell\v1.0\;D:\code softwore\Java\jdk1.8.0_201\bin;D:\code softwore\Java\jdk1.8.0_201\jre\bin;D:\code softwore\apache-maven-3.6.0\bin;C:\MyTools\Git\cmd;D:\code softwore\mysql-5.7.25-winx64;;.]
2019-04-29 14:15:23.238 [main] INFO  o.a.c.core.ContainerBase.[Tomcat].[localhost].[/] - Initializing Spring embedded WebApplicationContext
2019-04-29 14:15:23.239 [main] INFO  org.springframework.web.context.ContextLoader - Root WebApplicationContext: initialization completed in 2222 ms
2019-04-29 14:15:23.747 [main] INFO  o.s.scheduling.concurrent.ThreadPoolTaskExecutor - Initializing ExecutorService 'applicationTaskExecutor'
2019-04-29 14:15:24.034 [main] INFO  org.apache.coyote.http11.Http11NioProtocol - Starting ProtocolHandler ["http-nio-8089"]
2019-04-29 14:15:24.184 [main] INFO  o.s.boot.web.embedded.tomcat.TomcatWebServer - Tomcat started on port(s): 8089 (http) with context path ''
2019-04-29 14:15:24.189 [main] INFO  manager.ManagerApplication - Started ManagerApplication in 3.938 seconds (JVM running for 4.932)
2019-04-29 14:15:47.994 [http-nio-8089-exec-1] INFO  o.a.c.core.ContainerBase.[Tomcat].[localhost].[/] - Initializing Spring DispatcherServlet 'dispatcherServlet'
2019-04-29 14:15:47.995 [http-nio-8089-exec-1] INFO  org.springframework.web.servlet.DispatcherServlet - Initializing Servlet 'dispatcherServlet'
2019-04-29 14:15:48.002 [http-nio-8089-exec-1] INFO  org.springframework.web.servlet.DispatcherServlet - Completed initialization in 7 ms
2019-04-29 14:15:50.859 [http-nio-8089-exec-4] INFO  com.zaxxer.hikari.HikariDataSource - HikariPool-1 - Starting...
2019-04-29 14:15:50.968 [http-nio-8089-exec-4] INFO  com.zaxxer.hikari.HikariDataSource - HikariPool-1 - Start completed.
2019-04-29 14:18:18.355 [main] INFO  manager.ManagerApplication - Starting ManagerApplication on ZMVN4T8LWFXJUDF with PID 12024 (C:\Users\Administrator\IdeaProjects\myshopManager\target\classes started by Administrator in C:\Users\Administrator\IdeaProjects\myshopManager)
2019-04-29 14:18:18.360 [main] INFO  manager.ManagerApplication - No active profile set, falling back to default profiles: default
2019-04-29 14:18:20.186 [main] INFO  o.s.boot.web.embedded.tomcat.TomcatWebServer - Tomcat initialized with port(s): 8089 (http)
2019-04-29 14:18:20.203 [main] INFO  org.apache.coyote.http11.Http11NioProtocol - Initializing ProtocolHandler ["http-nio-8089"]
2019-04-29 14:18:20.212 [main] INFO  org.apache.catalina.core.StandardService - Starting service [Tomcat]
2019-04-29 14:18:20.212 [main] INFO  org.apache.catalina.core.StandardEngine - Starting Servlet engine: [Apache Tomcat/9.0.16]
2019-04-29 14:18:20.221 [main] INFO  org.apache.catalina.core.AprLifecycleListener - The APR based Apache Tomcat Native library which allows optimal performance in production environments was not found on the java.library.path: [D:\code softwore\Java\jdk1.8.0_201\bin;C:\Windows\Sun\Java\bin;C:\Windows\system32;C:\Windows;C:\Windows\system32;C:\Windows;C:\Windows\System32\Wbem;C:\Windows\System32\WindowsPowerShell\v1.0\;D:\code softwore\Java\jdk1.8.0_201\bin;D:\code softwore\Java\jdk1.8.0_201\jre\bin;D:\code softwore\apache-maven-3.6.0\bin;C:\MyTools\Git\cmd;D:\code softwore\mysql-5.7.25-winx64;;.]
2019-04-29 14:18:20.326 [main] INFO  o.a.c.core.ContainerBase.[Tomcat].[localhost].[/] - Initializing Spring embedded WebApplicationContext
2019-04-29 14:18:20.327 [main] INFO  org.springframework.web.context.ContextLoader - Root WebApplicationContext: initialization completed in 1894 ms
2019-04-29 14:18:20.748 [main] INFO  o.s.scheduling.concurrent.ThreadPoolTaskExecutor - Initializing ExecutorService 'applicationTaskExecutor'
2019-04-29 14:18:21.005 [main] INFO  org.apache.coyote.http11.Http11NioProtocol - Starting ProtocolHandler ["http-nio-8089"]
2019-04-29 14:18:21.137 [main] INFO  o.s.boot.web.embedded.tomcat.TomcatWebServer - Tomcat started on port(s): 8089 (http) with context path ''
2019-04-29 14:18:21.140 [main] INFO  manager.ManagerApplication - Started ManagerApplication in 3.527 seconds (JVM running for 4.52)
2019-04-29 14:18:25.979 [http-nio-8089-exec-1] INFO  o.a.c.core.ContainerBase.[Tomcat].[localhost].[/] - Initializing Spring DispatcherServlet 'dispatcherServlet'
2019-04-29 14:18:25.979 [http-nio-8089-exec-1] INFO  org.springframework.web.servlet.DispatcherServlet - Initializing Servlet 'dispatcherServlet'
2019-04-29 14:18:25.990 [http-nio-8089-exec-1] INFO  org.springframework.web.servlet.DispatcherServlet - Completed initialization in 10 ms
2019-04-29 14:18:59.019 [http-nio-8089-exec-8] INFO  com.zaxxer.hikari.HikariDataSource - HikariPool-1 - Starting...
2019-04-29 14:18:59.126 [http-nio-8089-exec-8] INFO  com.zaxxer.hikari.HikariDataSource - HikariPool-1 - Start completed.
2019-04-29 14:19:08.519 [main] INFO  manager.ManagerApplication - Starting ManagerApplication on ZMVN4T8LWFXJUDF with PID 11640 (C:\Users\Administrator\IdeaProjects\myshopManager\target\classes started by Administrator in C:\Users\Administrator\IdeaProjects\myshopManager)
2019-04-29 14:19:08.523 [main] INFO  manager.ManagerApplication - No active profile set, falling back to default profiles: default
2019-04-29 14:19:10.127 [main] INFO  o.s.boot.web.embedded.tomcat.TomcatWebServer - Tomcat initialized with port(s): 8089 (http)
2019-04-29 14:19:10.142 [main] INFO  org.apache.coyote.http11.Http11NioProtocol - Initializing ProtocolHandler ["http-nio-8089"]
2019-04-29 14:19:10.164 [main] INFO  org.apache.catalina.core.StandardService - Starting service [Tomcat]
2019-04-29 14:19:10.164 [main] INFO  org.apache.catalina.core.StandardEngine - Starting Servlet engine: [Apache Tomcat/9.0.16]
2019-04-29 14:19:10.170 [main] INFO  org.apache.catalina.core.AprLifecycleListener - The APR based Apache Tomcat Native library which allows optimal performance in production environments was not found on the java.library.path: [D:\code softwore\Java\jdk1.8.0_201\bin;C:\Windows\Sun\Java\bin;C:\Windows\system32;C:\Windows;C:\Windows\system32;C:\Windows;C:\Windows\System32\Wbem;C:\Windows\System32\WindowsPowerShell\v1.0\;D:\code softwore\Java\jdk1.8.0_201\bin;D:\code softwore\Java\jdk1.8.0_201\jre\bin;D:\code softwore\apache-maven-3.6.0\bin;C:\MyTools\Git\cmd;D:\code softwore\mysql-5.7.25-winx64;;.]
2019-04-29 14:19:10.313 [main] INFO  o.a.c.core.ContainerBase.[Tomcat].[localhost].[/] - Initializing Spring embedded WebApplicationContext
2019-04-29 14:19:10.314 [main] INFO  org.springframework.web.context.ContextLoader - Root WebApplicationContext: initialization completed in 1621 ms
2019-04-29 14:19:10.692 [main] INFO  o.s.scheduling.concurrent.ThreadPoolTaskExecutor - Initializing ExecutorService 'applicationTaskExecutor'
2019-04-29 14:19:10.940 [main] INFO  org.apache.coyote.http11.Http11NioProtocol - Starting ProtocolHandler ["http-nio-8089"]
2019-04-29 14:19:11.070 [main] INFO  o.s.boot.web.embedded.tomcat.TomcatWebServer - Tomcat started on port(s): 8089 (http) with context path ''
2019-04-29 14:19:11.073 [main] INFO  manager.ManagerApplication - Started ManagerApplication in 3.642 seconds (JVM running for 4.622)
2019-04-29 14:19:28.951 [http-nio-8089-exec-1] INFO  o.a.c.core.ContainerBase.[Tomcat].[localhost].[/] - Initializing Spring DispatcherServlet 'dispatcherServlet'
2019-04-29 14:19:28.951 [http-nio-8089-exec-1] INFO  org.springframework.web.servlet.DispatcherServlet - Initializing Servlet 'dispatcherServlet'
2019-04-29 14:19:28.959 [http-nio-8089-exec-1] INFO  org.springframework.web.servlet.DispatcherServlet - Completed initialization in 8 ms
2019-04-29 14:19:31.409 [http-nio-8089-exec-5] INFO  com.zaxxer.hikari.HikariDataSource - HikariPool-1 - Starting...
2019-04-29 14:19:31.516 [http-nio-8089-exec-5] INFO  com.zaxxer.hikari.HikariDataSource - HikariPool-1 - Start completed.
2019-04-29 14:24:38.118 [main] INFO  manager.ManagerApplication - Starting ManagerApplication on ZMVN4T8LWFXJUDF with PID 11560 (C:\Users\Administrator\IdeaProjects\myshopManager\target\classes started by Administrator in C:\Users\Administrator\IdeaProjects\myshopManager)
2019-04-29 14:24:38.122 [main] INFO  manager.ManagerApplication - No active profile set, falling back to default profiles: default
2019-04-29 14:24:39.829 [main] INFO  o.s.boot.web.embedded.tomcat.TomcatWebServer - Tomcat initialized with port(s): 8089 (http)
2019-04-29 14:24:39.845 [main] INFO  org.apache.coyote.http11.Http11NioProtocol - Initializing ProtocolHandler ["http-nio-8089"]
2019-04-29 14:24:39.855 [main] INFO  org.apache.catalina.core.StandardService - Starting service [Tomcat]
2019-04-29 14:24:39.855 [main] INFO  org.apache.catalina.core.StandardEngine - Starting Servlet engine: [Apache Tomcat/9.0.16]
2019-04-29 14:24:39.862 [main] INFO  org.apache.catalina.core.AprLifecycleListener - The APR based Apache Tomcat Native library which allows optimal performance in production environments was not found on the java.library.path: [D:\code softwore\Java\jdk1.8.0_201\bin;C:\Windows\Sun\Java\bin;C:\Windows\system32;C:\Windows;C:\Windows\system32;C:\Windows;C:\Windows\System32\Wbem;C:\Windows\System32\WindowsPowerShell\v1.0\;D:\code softwore\Java\jdk1.8.0_201\bin;D:\code softwore\Java\jdk1.8.0_201\jre\bin;D:\code softwore\apache-maven-3.6.0\bin;C:\MyTools\Git\cmd;D:\code softwore\mysql-5.7.25-winx64;;.]
2019-04-29 14:24:40.008 [main] INFO  o.a.c.core.ContainerBase.[Tomcat].[localhost].[/] - Initializing Spring embedded WebApplicationContext
2019-04-29 14:24:40.008 [main] INFO  org.springframework.web.context.ContextLoader - Root WebApplicationContext: initialization completed in 1783 ms
2019-04-29 14:24:40.416 [main] INFO  o.s.scheduling.concurrent.ThreadPoolTaskExecutor - Initializing ExecutorService 'applicationTaskExecutor'
2019-04-29 14:24:40.658 [main] INFO  org.apache.coyote.http11.Http11NioProtocol - Starting ProtocolHandler ["http-nio-8089"]
2019-04-29 14:24:40.783 [main] INFO  o.s.boot.web.embedded.tomcat.TomcatWebServer - Tomcat started on port(s): 8089 (http) with context path ''
2019-04-29 14:24:40.787 [main] INFO  manager.ManagerApplication - Started ManagerApplication in 3.613 seconds (JVM running for 4.529)
2019-04-29 14:24:49.158 [http-nio-8089-exec-1] INFO  o.a.c.core.ContainerBase.[Tomcat].[localhost].[/] - Initializing Spring DispatcherServlet 'dispatcherServlet'
2019-04-29 14:24:49.159 [http-nio-8089-exec-1] INFO  org.springframework.web.servlet.DispatcherServlet - Initializing Servlet 'dispatcherServlet'
2019-04-29 14:24:49.165 [http-nio-8089-exec-1] INFO  org.springframework.web.servlet.DispatcherServlet - Completed initialization in 6 ms
2019-04-29 14:26:15.718 [main] INFO  manager.ManagerApplication - Starting ManagerApplication on ZMVN4T8LWFXJUDF with PID 11792 (C:\Users\Administrator\IdeaProjects\myshopManager\target\classes started by Administrator in C:\Users\Administrator\IdeaProjects\myshopManager)
2019-04-29 14:26:15.722 [main] INFO  manager.ManagerApplication - No active profile set, falling back to default profiles: default
2019-04-29 14:26:17.617 [main] INFO  o.s.boot.web.embedded.tomcat.TomcatWebServer - Tomcat initialized with port(s): 8089 (http)
2019-04-29 14:26:17.633 [main] INFO  org.apache.coyote.http11.Http11NioProtocol - Initializing ProtocolHandler ["http-nio-8089"]
2019-04-29 14:26:17.642 [main] INFO  org.apache.catalina.core.StandardService - Starting service [Tomcat]
2019-04-29 14:26:17.642 [main] INFO  org.apache.catalina.core.StandardEngine - Starting Servlet engine: [Apache Tomcat/9.0.16]
2019-04-29 14:26:17.648 [main] INFO  org.apache.catalina.core.AprLifecycleListener - The APR based Apache Tomcat Native library which allows optimal performance in production environments was not found on the java.library.path: [D:\code softwore\Java\jdk1.8.0_201\bin;C:\Windows\Sun\Java\bin;C:\Windows\system32;C:\Windows;C:\Windows\system32;C:\Windows;C:\Windows\System32\Wbem;C:\Windows\System32\WindowsPowerShell\v1.0\;D:\code softwore\Java\jdk1.8.0_201\bin;D:\code softwore\Java\jdk1.8.0_201\jre\bin;D:\code softwore\apache-maven-3.6.0\bin;C:\MyTools\Git\cmd;D:\code softwore\mysql-5.7.25-winx64;;.]
2019-04-29 14:26:17.763 [main] INFO  o.a.c.core.ContainerBase.[Tomcat].[localhost].[/] - Initializing Spring embedded WebApplicationContext
2019-04-29 14:26:17.764 [main] INFO  org.springframework.web.context.ContextLoader - Root WebApplicationContext: initialization completed in 1886 ms
2019-04-29 14:26:18.139 [main] INFO  o.s.scheduling.concurrent.ThreadPoolTaskExecutor - Initializing ExecutorService 'applicationTaskExecutor'
2019-04-29 14:26:18.501 [main] INFO  org.apache.coyote.http11.Http11NioProtocol - Starting ProtocolHandler ["http-nio-8089"]
2019-04-29 14:26:18.526 [main] INFO  o.s.boot.web.embedded.tomcat.TomcatWebServer - Tomcat started on port(s): 8089 (http) with context path ''
2019-04-29 14:26:18.530 [main] INFO  manager.ManagerApplication - Started ManagerApplication in 3.579 seconds (JVM running for 4.493)
2019-04-29 14:26:41.895 [http-nio-8089-exec-1] INFO  o.a.c.core.ContainerBase.[Tomcat].[localhost].[/] - Initializing Spring DispatcherServlet 'dispatcherServlet'
2019-04-29 14:26:41.896 [http-nio-8089-exec-1] INFO  org.springframework.web.servlet.DispatcherServlet - Initializing Servlet 'dispatcherServlet'
2019-04-29 14:26:41.902 [http-nio-8089-exec-1] INFO  org.springframework.web.servlet.DispatcherServlet - Completed initialization in 6 ms
2019-04-29 14:27:28.980 [main] INFO  manager.ManagerApplication - Starting ManagerApplication on ZMVN4T8LWFXJUDF with PID 6552 (C:\Users\Administrator\IdeaProjects\myshopManager\target\classes started by Administrator in C:\Users\Administrator\IdeaProjects\myshopManager)
2019-04-29 14:27:28.984 [main] INFO  manager.ManagerApplication - No active profile set, falling back to default profiles: default
2019-04-29 14:27:31.017 [main] INFO  o.s.boot.web.embedded.tomcat.TomcatWebServer - Tomcat initialized with port(s): 8089 (http)
2019-04-29 14:27:31.031 [main] INFO  org.apache.coyote.http11.Http11NioProtocol - Initializing ProtocolHandler ["http-nio-8089"]
2019-04-29 14:27:31.040 [main] INFO  org.apache.catalina.core.StandardService - Starting service [Tomcat]
2019-04-29 14:27:31.041 [main] INFO  org.apache.catalina.core.StandardEngine - Starting Servlet engine: [Apache Tomcat/9.0.16]
2019-04-29 14:27:31.047 [main] INFO  org.apache.catalina.core.AprLifecycleListener - The APR based Apache Tomcat Native library which allows optimal performance in production environments was not found on the java.library.path: [D:\code softwore\Java\jdk1.8.0_201\bin;C:\Windows\Sun\Java\bin;C:\Windows\system32;C:\Windows;C:\Windows\system32;C:\Windows;C:\Windows\System32\Wbem;C:\Windows\System32\WindowsPowerShell\v1.0\;D:\code softwore\Java\jdk1.8.0_201\bin;D:\code softwore\Java\jdk1.8.0_201\jre\bin;D:\code softwore\apache-maven-3.6.0\bin;C:\MyTools\Git\cmd;D:\code softwore\mysql-5.7.25-winx64;;.]
2019-04-29 14:27:31.171 [main] INFO  o.a.c.core.ContainerBase.[Tomcat].[localhost].[/] - Initializing Spring embedded WebApplicationContext
2019-04-29 14:27:31.171 [main] INFO  org.springframework.web.context.ContextLoader - Root WebApplicationContext: initialization completed in 2093 ms
2019-04-29 14:27:31.569 [main] INFO  o.s.scheduling.concurrent.ThreadPoolTaskExecutor - Initializing ExecutorService 'applicationTaskExecutor'
2019-04-29 14:27:31.805 [main] INFO  org.apache.coyote.http11.Http11NioProtocol - Starting ProtocolHandler ["http-nio-8089"]
2019-04-29 14:27:31.830 [main] INFO  o.s.boot.web.embedded.tomcat.TomcatWebServer - Tomcat started on port(s): 8089 (http) with context path ''
2019-04-29 14:27:31.833 [main] INFO  manager.ManagerApplication - Started ManagerApplication in 3.527 seconds (JVM running for 4.624)
2019-04-29 14:28:18.536 [http-nio-8089-exec-1] INFO  o.a.c.core.ContainerBase.[Tomcat].[localhost].[/] - Initializing Spring DispatcherServlet 'dispatcherServlet'
2019-04-29 14:28:18.537 [http-nio-8089-exec-1] INFO  org.springframework.web.servlet.DispatcherServlet - Initializing Servlet 'dispatcherServlet'
2019-04-29 14:28:18.543 [http-nio-8089-exec-1] INFO  org.springframework.web.servlet.DispatcherServlet - Completed initialization in 6 ms
2019-04-29 14:28:25.542 [http-nio-8089-exec-1] INFO  com.zaxxer.hikari.HikariDataSource - HikariPool-1 - Starting...
2019-04-29 14:28:25.650 [http-nio-8089-exec-1] INFO  com.zaxxer.hikari.HikariDataSource - HikariPool-1 - Start completed.
2019-04-29 14:29:22.185 [main] INFO  manager.ManagerApplication - Starting ManagerApplication on ZMVN4T8LWFXJUDF with PID 10404 (C:\Users\Administrator\IdeaProjects\myshopManager\target\classes started by Administrator in C:\Users\Administrator\IdeaProjects\myshopManager)
2019-04-29 14:29:22.189 [main] INFO  manager.ManagerApplication - No active profile set, falling back to default profiles: default
2019-04-29 14:29:24.006 [main] INFO  o.s.boot.web.embedded.tomcat.TomcatWebServer - Tomcat initialized with port(s): 8089 (http)
2019-04-29 14:29:24.021 [main] INFO  org.apache.coyote.http11.Http11NioProtocol - Initializing ProtocolHandler ["http-nio-8089"]
2019-04-29 14:29:24.031 [main] INFO  org.apache.catalina.core.StandardService - Starting service [Tomcat]
2019-04-29 14:29:24.031 [main] INFO  org.apache.catalina.core.StandardEngine - Starting Servlet engine: [Apache Tomcat/9.0.16]
2019-04-29 14:29:24.038 [main] INFO  org.apache.catalina.core.AprLifecycleListener - The APR based Apache Tomcat Native library which allows optimal performance in production environments was not found on the java.library.path: [D:\code softwore\Java\jdk1.8.0_201\bin;C:\Windows\Sun\Java\bin;C:\Windows\system32;C:\Windows;C:\Windows\system32;C:\Windows;C:\Windows\System32\Wbem;C:\Windows\System32\WindowsPowerShell\v1.0\;D:\code softwore\Java\jdk1.8.0_201\bin;D:\code softwore\Java\jdk1.8.0_201\jre\bin;D:\code softwore\apache-maven-3.6.0\bin;C:\MyTools\Git\cmd;D:\code softwore\mysql-5.7.25-winx64;;.]
2019-04-29 14:29:24.145 [main] INFO  o.a.c.core.ContainerBase.[Tomcat].[localhost].[/] - Initializing Spring embedded WebApplicationContext
2019-04-29 14:29:24.146 [main] INFO  org.springframework.web.context.ContextLoader - Root WebApplicationContext: initialization completed in 1902 ms
2019-04-29 14:29:24.533 [main] INFO  o.s.scheduling.concurrent.ThreadPoolTaskExecutor - Initializing ExecutorService 'applicationTaskExecutor'
2019-04-29 14:29:24.771 [main] INFO  org.apache.coyote.http11.Http11NioProtocol - Starting ProtocolHandler ["http-nio-8089"]
2019-04-29 14:29:24.901 [main] INFO  o.s.boot.web.embedded.tomcat.TomcatWebServer - Tomcat started on port(s): 8089 (http) with context path ''
2019-04-29 14:29:24.905 [main] INFO  manager.ManagerApplication - Started ManagerApplication in 3.504 seconds (JVM running for 4.609)
2019-04-29 14:29:24.994 [http-nio-8089-exec-1] INFO  o.a.c.core.ContainerBase.[Tomcat].[localhost].[/] - Initializing Spring DispatcherServlet 'dispatcherServlet'
2019-04-29 14:29:24.994 [http-nio-8089-exec-1] INFO  org.springframework.web.servlet.DispatcherServlet - Initializing Servlet 'dispatcherServlet'
2019-04-29 14:29:25.002 [http-nio-8089-exec-1] INFO  org.springframework.web.servlet.DispatcherServlet - Completed initialization in 8 ms
2019-04-29 14:29:29.704 [http-nio-8089-exec-3] INFO  com.zaxxer.hikari.HikariDataSource - HikariPool-1 - Starting...
2019-04-29 14:29:29.810 [http-nio-8089-exec-3] INFO  com.zaxxer.hikari.HikariDataSource - HikariPool-1 - Start completed.
2019-04-29 14:30:41.002 [main] INFO  manager.ManagerApplication - Starting ManagerApplication on ZMVN4T8LWFXJUDF with PID 11592 (C:\Users\Administrator\IdeaProjects\myshopManager\target\classes started by Administrator in C:\Users\Administrator\IdeaProjects\myshopManager)
2019-04-29 14:30:41.006 [main] INFO  manager.ManagerApplication - No active profile set, falling back to default profiles: default
2019-04-29 14:30:42.918 [main] INFO  o.s.boot.web.embedded.tomcat.TomcatWebServer - Tomcat initialized with port(s): 8089 (http)
2019-04-29 14:30:42.934 [main] INFO  org.apache.coyote.http11.Http11NioProtocol - Initializing ProtocolHandler ["http-nio-8089"]
2019-04-29 14:30:42.947 [main] INFO  org.apache.catalina.core.StandardService - Starting service [Tomcat]
2019-04-29 14:30:42.947 [main] INFO  org.apache.catalina.core.StandardEngine - Starting Servlet engine: [Apache Tomcat/9.0.16]
2019-04-29 14:30:42.953 [main] INFO  org.apache.catalina.core.AprLifecycleListener - The APR based Apache Tomcat Native library which allows optimal performance in production environments was not found on the java.library.path: [D:\code softwore\Java\jdk1.8.0_201\bin;C:\Windows\Sun\Java\bin;C:\Windows\system32;C:\Windows;C:\Windows\system32;C:\Windows;C:\Windows\System32\Wbem;C:\Windows\System32\WindowsPowerShell\v1.0\;D:\code softwore\Java\jdk1.8.0_201\bin;D:\code softwore\Java\jdk1.8.0_201\jre\bin;D:\code softwore\apache-maven-3.6.0\bin;C:\MyTools\Git\cmd;D:\code softwore\mysql-5.7.25-winx64;;.]
2019-04-29 14:30:43.155 [main] INFO  o.a.c.core.ContainerBase.[Tomcat].[localhost].[/] - Initializing Spring embedded WebApplicationContext
2019-04-29 14:30:43.156 [main] INFO  org.springframework.web.context.ContextLoader - Root WebApplicationContext: initialization completed in 2034 ms
2019-04-29 14:30:43.559 [main] INFO  o.s.scheduling.concurrent.ThreadPoolTaskExecutor - Initializing ExecutorService 'applicationTaskExecutor'
2019-04-29 14:30:43.839 [main] INFO  org.apache.coyote.http11.Http11NioProtocol - Starting ProtocolHandler ["http-nio-8089"]
2019-04-29 14:30:43.987 [main] INFO  o.s.boot.web.embedded.tomcat.TomcatWebServer - Tomcat started on port(s): 8089 (http) with context path ''
2019-04-29 14:30:43.991 [main] INFO  manager.ManagerApplication - Started ManagerApplication in 3.722 seconds (JVM running for 4.661)
2019-04-29 14:30:44.726 [http-nio-8089-exec-1] INFO  o.a.c.core.ContainerBase.[Tomcat].[localhost].[/] - Initializing Spring DispatcherServlet 'dispatcherServlet'
2019-04-29 14:30:44.728 [http-nio-8089-exec-1] INFO  org.springframework.web.servlet.DispatcherServlet - Initializing Servlet 'dispatcherServlet'
2019-04-29 14:30:44.735 [http-nio-8089-exec-1] INFO  org.springframework.web.servlet.DispatcherServlet - Completed initialization in 7 ms
2019-04-29 14:31:01.778 [http-nio-8089-exec-4] INFO  com.zaxxer.hikari.HikariDataSource - HikariPool-1 - Starting...
2019-04-29 14:31:01.881 [http-nio-8089-exec-4] INFO  com.zaxxer.hikari.HikariDataSource - HikariPool-1 - Start completed.
2019-04-29 14:32:12.912 [main] INFO  manager.ManagerApplication - Starting ManagerApplication on ZMVN4T8LWFXJUDF with PID 11956 (C:\Users\Administrator\IdeaProjects\myshopManager\target\classes started by Administrator in C:\Users\Administrator\IdeaProjects\myshopManager)
2019-04-29 14:32:12.915 [main] INFO  manager.ManagerApplication - No active profile set, falling back to default profiles: default
2019-04-29 14:32:14.332 [main] INFO  o.s.boot.web.embedded.tomcat.TomcatWebServer - Tomcat initialized with port(s): 8089 (http)
2019-04-29 14:32:14.347 [main] INFO  org.apache.coyote.http11.Http11NioProtocol - Initializing ProtocolHandler ["http-nio-8089"]
2019-04-29 14:32:14.369 [main] INFO  org.apache.catalina.core.StandardService - Starting service [Tomcat]
2019-04-29 14:32:14.369 [main] INFO  org.apache.catalina.core.StandardEngine - Starting Servlet engine: [Apache Tomcat/9.0.16]
2019-04-29 14:32:14.375 [main] INFO  org.apache.catalina.core.AprLifecycleListener - The APR based Apache Tomcat Native library which allows optimal performance in production environments was not found on the java.library.path: [D:\code softwore\Java\jdk1.8.0_201\bin;C:\Windows\Sun\Java\bin;C:\Windows\system32;C:\Windows;C:\Windows\system32;C:\Windows;C:\Windows\System32\Wbem;C:\Windows\System32\WindowsPowerShell\v1.0\;D:\code softwore\Java\jdk1.8.0_201\bin;D:\code softwore\Java\jdk1.8.0_201\jre\bin;D:\code softwore\apache-maven-3.6.0\bin;C:\MyTools\Git\cmd;D:\code softwore\mysql-5.7.25-winx64;;.]
2019-04-29 14:32:14.479 [main] INFO  o.a.c.core.ContainerBase.[Tomcat].[localhost].[/] - Initializing Spring embedded WebApplicationContext
2019-04-29 14:32:14.479 [main] INFO  org.springframework.web.context.ContextLoader - Root WebApplicationContext: initialization completed in 1494 ms
2019-04-29 14:32:14.835 [main] INFO  o.s.scheduling.concurrent.ThreadPoolTaskExecutor - Initializing ExecutorService 'applicationTaskExecutor'
2019-04-29 14:32:15.071 [main] INFO  org.apache.coyote.http11.Http11NioProtocol - Starting ProtocolHandler ["http-nio-8089"]
2019-04-29 14:32:15.201 [main] INFO  o.s.boot.web.embedded.tomcat.TomcatWebServer - Tomcat started on port(s): 8089 (http) with context path ''
2019-04-29 14:32:15.204 [main] INFO  manager.ManagerApplication - Started ManagerApplication in 3.042 seconds (JVM running for 4.008)
2019-04-29 14:32:24.746 [http-nio-8089-exec-1] INFO  o.a.c.core.ContainerBase.[Tomcat].[localhost].[/] - Initializing Spring DispatcherServlet 'dispatcherServlet'
2019-04-29 14:32:24.748 [http-nio-8089-exec-1] INFO  org.springframework.web.servlet.DispatcherServlet - Initializing Servlet 'dispatcherServlet'
2019-04-29 14:32:24.754 [http-nio-8089-exec-1] INFO  org.springframework.web.servlet.DispatcherServlet - Completed initialization in 6 ms
2019-04-29 14:32:29.232 [http-nio-8089-exec-4] INFO  com.zaxxer.hikari.HikariDataSource - HikariPool-1 - Starting...
2019-04-29 14:32:29.338 [http-nio-8089-exec-4] INFO  com.zaxxer.hikari.HikariDataSource - HikariPool-1 - Start completed.
2019-04-29 14:34:14.511 [main] INFO  manager.ManagerApplication - Starting ManagerApplication on ZMVN4T8LWFXJUDF with PID 10512 (C:\Users\Administrator\IdeaProjects\myshopManager\target\classes started by Administrator in C:\Users\Administrator\IdeaProjects\myshopManager)
2019-04-29 14:34:14.515 [main] INFO  manager.ManagerApplication - No active profile set, falling back to default profiles: default
2019-04-29 14:34:15.917 [main] INFO  o.s.boot.web.embedded.tomcat.TomcatWebServer - Tomcat initialized with port(s): 8089 (http)
2019-04-29 14:34:15.939 [main] INFO  org.apache.coyote.http11.Http11NioProtocol - Initializing ProtocolHandler ["http-nio-8089"]
2019-04-29 14:34:15.952 [main] INFO  org.apache.catalina.core.StandardService - Starting service [Tomcat]
2019-04-29 14:34:15.952 [main] INFO  org.apache.catalina.core.StandardEngine - Starting Servlet engine: [Apache Tomcat/9.0.16]
2019-04-29 14:34:15.960 [main] INFO  org.apache.catalina.core.AprLifecycleListener - The APR based Apache Tomcat Native library which allows optimal performance in production environments was not found on the java.library.path: [D:\code softwore\Java\jdk1.8.0_201\bin;C:\Windows\Sun\Java\bin;C:\Windows\system32;C:\Windows;C:\Windows\system32;C:\Windows;C:\Windows\System32\Wbem;C:\Windows\System32\WindowsPowerShell\v1.0\;D:\code softwore\Java\jdk1.8.0_201\bin;D:\code softwore\Java\jdk1.8.0_201\jre\bin;D:\code softwore\apache-maven-3.6.0\bin;C:\MyTools\Git\cmd;D:\code softwore\mysql-5.7.25-winx64;;.]
2019-04-29 14:34:16.091 [main] INFO  o.a.c.core.ContainerBase.[Tomcat].[localhost].[/] - Initializing Spring embedded WebApplicationContext
2019-04-29 14:34:16.092 [main] INFO  org.springframework.web.context.ContextLoader - Root WebApplicationContext: initialization completed in 1463 ms
2019-04-29 14:34:16.564 [main] INFO  o.s.scheduling.concurrent.ThreadPoolTaskExecutor - Initializing ExecutorService 'applicationTaskExecutor'
2019-04-29 14:34:16.829 [main] INFO  org.apache.coyote.http11.Http11NioProtocol - Starting ProtocolHandler ["http-nio-8089"]
2019-04-29 14:34:16.952 [main] INFO  o.s.boot.web.embedded.tomcat.TomcatWebServer - Tomcat started on port(s): 8089 (http) with context path ''
2019-04-29 14:34:16.955 [main] INFO  manager.ManagerApplication - Started ManagerApplication in 3.755 seconds (JVM running for 5.859)
2019-04-29 14:34:52.891 [http-nio-8089-exec-1] INFO  o.a.c.core.ContainerBase.[Tomcat].[localhost].[/] - Initializing Spring DispatcherServlet 'dispatcherServlet'
2019-04-29 14:34:52.891 [http-nio-8089-exec-1] INFO  org.springframework.web.servlet.DispatcherServlet - Initializing Servlet 'dispatcherServlet'
2019-04-29 14:34:52.898 [http-nio-8089-exec-1] INFO  org.springframework.web.servlet.DispatcherServlet - Completed initialization in 7 ms
2019-04-29 14:34:54.378 [http-nio-8089-exec-4] INFO  com.zaxxer.hikari.HikariDataSource - HikariPool-1 - Starting...
2019-04-29 14:34:54.489 [http-nio-8089-exec-4] INFO  com.zaxxer.hikari.HikariDataSource - HikariPool-1 - Start completed.
2019-04-29 14:37:50.296 [main] INFO  manager.ManagerApplication - Starting ManagerApplication on ZMVN4T8LWFXJUDF with PID 11000 (C:\Users\Administrator\IdeaProjects\myshopManager\target\classes started by Administrator in C:\Users\Administrator\IdeaProjects\myshopManager)
2019-04-29 14:37:50.302 [main] INFO  manager.ManagerApplication - No active profile set, falling back to default profiles: default
2019-04-29 14:37:51.872 [main] INFO  o.s.boot.web.embedded.tomcat.TomcatWebServer - Tomcat initialized with port(s): 8089 (http)
2019-04-29 14:37:51.888 [main] INFO  org.apache.coyote.http11.Http11NioProtocol - Initializing ProtocolHandler ["http-nio-8089"]
2019-04-29 14:37:51.911 [main] INFO  org.apache.catalina.core.StandardService - Starting service [Tomcat]
2019-04-29 14:37:51.912 [main] INFO  org.apache.catalina.core.StandardEngine - Starting Servlet engine: [Apache Tomcat/9.0.16]
2019-04-29 14:37:51.918 [main] INFO  org.apache.catalina.core.AprLifecycleListener - The APR based Apache Tomcat Native library which allows optimal performance in production environments was not found on the java.library.path: [D:\code softwore\Java\jdk1.8.0_201\bin;C:\Windows\Sun\Java\bin;C:\Windows\system32;C:\Windows;C:\Windows\system32;C:\Windows;C:\Windows\System32\Wbem;C:\Windows\System32\WindowsPowerShell\v1.0\;D:\code softwore\Java\jdk1.8.0_201\bin;D:\code softwore\Java\jdk1.8.0_201\jre\bin;D:\code softwore\apache-maven-3.6.0\bin;C:\MyTools\Git\cmd;D:\code softwore\mysql-5.7.25-winx64;;.]
2019-04-29 14:37:52.034 [main] INFO  o.a.c.core.ContainerBase.[Tomcat].[localhost].[/] - Initializing Spring embedded WebApplicationContext
2019-04-29 14:37:52.034 [main] INFO  org.springframework.web.context.ContextLoader - Root WebApplicationContext: initialization completed in 1669 ms
2019-04-29 14:37:52.391 [main] INFO  o.s.scheduling.concurrent.ThreadPoolTaskExecutor - Initializing ExecutorService 'applicationTaskExecutor'
2019-04-29 14:37:52.638 [main] INFO  org.apache.coyote.http11.Http11NioProtocol - Starting ProtocolHandler ["http-nio-8089"]
2019-04-29 14:37:52.775 [main] INFO  o.s.boot.web.embedded.tomcat.TomcatWebServer - Tomcat started on port(s): 8089 (http) with context path ''
2019-04-29 14:37:52.778 [main] INFO  manager.ManagerApplication - Started ManagerApplication in 3.251 seconds (JVM running for 4.18)
2019-04-29 14:38:29.581 [http-nio-8089-exec-1] INFO  o.a.c.core.ContainerBase.[Tomcat].[localhost].[/] - Initializing Spring DispatcherServlet 'dispatcherServlet'
2019-04-29 14:38:29.582 [http-nio-8089-exec-1] INFO  org.springframework.web.servlet.DispatcherServlet - Initializing Servlet 'dispatcherServlet'
2019-04-29 14:38:29.588 [http-nio-8089-exec-1] INFO  org.springframework.web.servlet.DispatcherServlet - Completed initialization in 6 ms
2019-04-29 14:38:31.077 [http-nio-8089-exec-4] INFO  com.zaxxer.hikari.HikariDataSource - HikariPool-1 - Starting...
2019-04-29 14:38:31.180 [http-nio-8089-exec-4] INFO  com.zaxxer.hikari.HikariDataSource - HikariPool-1 - Start completed.
2019-04-29 14:43:36.466 [main] INFO  manager.ManagerApplication - Starting ManagerApplication on ZMVN4T8LWFXJUDF with PID 5828 (C:\Users\Administrator\IdeaProjects\myshopManager\target\classes started by Administrator in C:\Users\Administrator\IdeaProjects\myshopManager)
2019-04-29 14:43:36.470 [main] INFO  manager.ManagerApplication - No active profile set, falling back to default profiles: default
2019-04-29 14:43:38.404 [main] INFO  o.s.boot.web.embedded.tomcat.TomcatWebServer - Tomcat initialized with port(s): 8089 (http)
2019-04-29 14:43:38.434 [main] INFO  org.apache.coyote.http11.Http11NioProtocol - Initializing ProtocolHandler ["http-nio-8089"]
2019-04-29 14:43:38.442 [main] INFO  org.apache.catalina.core.StandardService - Starting service [Tomcat]
2019-04-29 14:43:38.443 [main] INFO  org.apache.catalina.core.StandardEngine - Starting Servlet engine: [Apache Tomcat/9.0.16]
2019-04-29 14:43:38.449 [main] INFO  org.apache.catalina.core.AprLifecycleListener - The APR based Apache Tomcat Native library which allows optimal performance in production environments was not found on the java.library.path: [D:\code softwore\Java\jdk1.8.0_201\bin;C:\Windows\Sun\Java\bin;C:\Windows\system32;C:\Windows;C:\Windows\system32;C:\Windows;C:\Windows\System32\Wbem;C:\Windows\System32\WindowsPowerShell\v1.0\;D:\code softwore\Java\jdk1.8.0_201\bin;D:\code softwore\Java\jdk1.8.0_201\jre\bin;D:\code softwore\apache-maven-3.6.0\bin;C:\MyTools\Git\cmd;D:\code softwore\mysql-5.7.25-winx64;;.]
2019-04-29 14:43:38.559 [main] INFO  o.a.c.core.ContainerBase.[Tomcat].[localhost].[/] - Initializing Spring embedded WebApplicationContext
2019-04-29 14:43:38.559 [main] INFO  org.springframework.web.context.ContextLoader - Root WebApplicationContext: initialization completed in 1997 ms
2019-04-29 14:43:38.907 [main] INFO  o.s.scheduling.concurrent.ThreadPoolTaskExecutor - Initializing ExecutorService 'applicationTaskExecutor'
2019-04-29 14:43:39.152 [main] INFO  org.apache.coyote.http11.Http11NioProtocol - Starting ProtocolHandler ["http-nio-8089"]
2019-04-29 14:43:39.280 [main] INFO  o.s.boot.web.embedded.tomcat.TomcatWebServer - Tomcat started on port(s): 8089 (http) with context path ''
2019-04-29 14:43:39.284 [main] INFO  manager.ManagerApplication - Started ManagerApplication in 3.672 seconds (JVM running for 4.705)
2019-04-29 14:43:57.387 [http-nio-8089-exec-1] INFO  o.a.c.core.ContainerBase.[Tomcat].[localhost].[/] - Initializing Spring DispatcherServlet 'dispatcherServlet'
2019-04-29 14:43:57.387 [http-nio-8089-exec-1] INFO  org.springframework.web.servlet.DispatcherServlet - Initializing Servlet 'dispatcherServlet'
2019-04-29 14:43:57.393 [http-nio-8089-exec-1] INFO  org.springframework.web.servlet.DispatcherServlet - Completed initialization in 5 ms
2019-04-29 14:44:23.103 [http-nio-8089-exec-5] INFO  com.zaxxer.hikari.HikariDataSource - HikariPool-1 - Starting...
2019-04-29 14:44:23.217 [http-nio-8089-exec-5] INFO  com.zaxxer.hikari.HikariDataSource - HikariPool-1 - Start completed.
2019-04-29 14:44:40.859 [main] INFO  manager.ManagerApplication - Starting ManagerApplication on ZMVN4T8LWFXJUDF with PID 9600 (C:\Users\Administrator\IdeaProjects\myshopManager\target\classes started by Administrator in C:\Users\Administrator\IdeaProjects\myshopManager)
2019-04-29 14:44:40.864 [main] INFO  manager.ManagerApplication - No active profile set, falling back to default profiles: default
2019-04-29 14:44:42.549 [main] INFO  o.s.boot.web.embedded.tomcat.TomcatWebServer - Tomcat initialized with port(s): 8089 (http)
2019-04-29 14:44:42.576 [main] INFO  org.apache.coyote.http11.Http11NioProtocol - Initializing ProtocolHandler ["http-nio-8089"]
2019-04-29 14:44:42.585 [main] INFO  org.apache.catalina.core.StandardService - Starting service [Tomcat]
2019-04-29 14:44:42.586 [main] INFO  org.apache.catalina.core.StandardEngine - Starting Servlet engine: [Apache Tomcat/9.0.16]
2019-04-29 14:44:42.593 [main] INFO  org.apache.catalina.core.AprLifecycleListener - The APR based Apache Tomcat Native library which allows optimal performance in production environments was not found on the java.library.path: [D:\code softwore\Java\jdk1.8.0_201\bin;C:\Windows\Sun\Java\bin;C:\Windows\system32;C:\Windows;C:\Windows\system32;C:\Windows;C:\Windows\System32\Wbem;C:\Windows\System32\WindowsPowerShell\v1.0\;D:\code softwore\Java\jdk1.8.0_201\bin;D:\code softwore\Java\jdk1.8.0_201\jre\bin;D:\code softwore\apache-maven-3.6.0\bin;C:\MyTools\Git\cmd;D:\code softwore\mysql-5.7.25-winx64;;.]
2019-04-29 14:44:42.739 [main] INFO  o.a.c.core.ContainerBase.[Tomcat].[localhost].[/] - Initializing Spring embedded WebApplicationContext
2019-04-29 14:44:42.740 [main] INFO  org.springframework.web.context.ContextLoader - Root WebApplicationContext: initialization completed in 1701 ms
2019-04-29 14:44:43.156 [main] INFO  o.s.scheduling.concurrent.ThreadPoolTaskExecutor - Initializing ExecutorService 'applicationTaskExecutor'
2019-04-29 14:44:43.426 [main] INFO  org.apache.coyote.http11.Http11NioProtocol - Starting ProtocolHandler ["http-nio-8089"]
2019-04-29 14:44:43.570 [main] INFO  o.s.boot.web.embedded.tomcat.TomcatWebServer - Tomcat started on port(s): 8089 (http) with context path ''
2019-04-29 14:44:43.576 [main] INFO  manager.ManagerApplication - Started ManagerApplication in 3.456 seconds (JVM running for 4.522)
2019-04-29 14:44:47.072 [http-nio-8089-exec-1] INFO  o.a.c.core.ContainerBase.[Tomcat].[localhost].[/] - Initializing Spring DispatcherServlet 'dispatcherServlet'
2019-04-29 14:44:47.072 [http-nio-8089-exec-1] INFO  org.springframework.web.servlet.DispatcherServlet - Initializing Servlet 'dispatcherServlet'
2019-04-29 14:44:47.078 [http-nio-8089-exec-1] INFO  org.springframework.web.servlet.DispatcherServlet - Completed initialization in 5 ms
2019-04-29 14:44:47.119 [http-nio-8089-exec-1] INFO  com.zaxxer.hikari.HikariDataSource - HikariPool-1 - Starting...
2019-04-29 14:44:47.235 [http-nio-8089-exec-1] INFO  com.zaxxer.hikari.HikariDataSource - HikariPool-1 - Start completed.
2019-04-29 15:20:07.340 [main] INFO  manager.ManagerApplication - Starting ManagerApplication on ZMVN4T8LWFXJUDF with PID 12832 (C:\Users\Administrator\IdeaProjects\myshopManager\target\classes started by Administrator in C:\Users\Administrator\IdeaProjects\myshopManager)
2019-04-29 15:20:07.344 [main] INFO  manager.ManagerApplication - No active profile set, falling back to default profiles: default
2019-04-29 15:20:09.162 [main] INFO  o.s.boot.web.embedded.tomcat.TomcatWebServer - Tomcat initialized with port(s): 8089 (http)
2019-04-29 15:20:09.176 [main] INFO  org.apache.coyote.http11.Http11NioProtocol - Initializing ProtocolHandler ["http-nio-8089"]
2019-04-29 15:20:09.197 [main] INFO  org.apache.catalina.core.StandardService - Starting service [Tomcat]
2019-04-29 15:20:09.198 [main] INFO  org.apache.catalina.core.StandardEngine - Starting Servlet engine: [Apache Tomcat/9.0.16]
2019-04-29 15:20:09.205 [main] INFO  org.apache.catalina.core.AprLifecycleListener - The APR based Apache Tomcat Native library which allows optimal performance in production environments was not found on the java.library.path: [D:\code softwore\Java\jdk1.8.0_201\bin;C:\Windows\Sun\Java\bin;C:\Windows\system32;C:\Windows;C:\Windows\system32;C:\Windows;C:\Windows\System32\Wbem;C:\Windows\System32\WindowsPowerShell\v1.0\;D:\code softwore\Java\jdk1.8.0_201\bin;D:\code softwore\Java\jdk1.8.0_201\jre\bin;D:\code softwore\apache-maven-3.6.0\bin;C:\MyTools\Git\cmd;D:\code softwore\mysql-5.7.25-winx64;;.]
2019-04-29 15:20:09.308 [main] INFO  o.a.c.core.ContainerBase.[Tomcat].[localhost].[/] - Initializing Spring embedded WebApplicationContext
2019-04-29 15:20:09.308 [main] INFO  org.springframework.web.context.ContextLoader - Root WebApplicationContext: initialization completed in 1882 ms
2019-04-29 15:20:09.654 [main] INFO  o.s.scheduling.concurrent.ThreadPoolTaskExecutor - Initializing ExecutorService 'applicationTaskExecutor'
2019-04-29 15:20:09.889 [main] INFO  org.apache.coyote.http11.Http11NioProtocol - Starting ProtocolHandler ["http-nio-8089"]
2019-04-29 15:20:10.021 [main] INFO  o.s.boot.web.embedded.tomcat.TomcatWebServer - Tomcat started on port(s): 8089 (http) with context path ''
2019-04-29 15:20:10.024 [main] INFO  manager.ManagerApplication - Started ManagerApplication in 3.462 seconds (JVM running for 4.568)
2019-04-29 15:20:15.668 [http-nio-8089-exec-1] INFO  o.a.c.core.ContainerBase.[Tomcat].[localhost].[/] - Initializing Spring DispatcherServlet 'dispatcherServlet'
2019-04-29 15:20:15.669 [http-nio-8089-exec-1] INFO  org.springframework.web.servlet.DispatcherServlet - Initializing Servlet 'dispatcherServlet'
2019-04-29 15:20:15.677 [http-nio-8089-exec-1] INFO  org.springframework.web.servlet.DispatcherServlet - Completed initialization in 7 ms
2019-04-29 15:20:15.716 [http-nio-8089-exec-1] INFO  com.zaxxer.hikari.HikariDataSource - HikariPool-1 - Starting...
2019-04-29 15:20:15.824 [http-nio-8089-exec-1] INFO  com.zaxxer.hikari.HikariDataSource - HikariPool-1 - Start completed.
2019-04-29 15:25:23.432 [main] INFO  manager.ManagerApplication - Starting ManagerApplication on ZMVN4T8LWFXJUDF with PID 12496 (C:\Users\Administrator\IdeaProjects\myshopManager\target\classes started by Administrator in C:\Users\Administrator\IdeaProjects\myshopManager)
2019-04-29 15:25:23.437 [main] INFO  manager.ManagerApplication - No active profile set, falling back to default profiles: default
2019-04-29 15:25:24.966 [main] INFO  o.s.boot.web.embedded.tomcat.TomcatWebServer - Tomcat initialized with port(s): 8089 (http)
2019-04-29 15:25:24.996 [main] INFO  org.apache.coyote.http11.Http11NioProtocol - Initializing ProtocolHandler ["http-nio-8089"]
2019-04-29 15:25:25.007 [main] INFO  org.apache.catalina.core.StandardService - Starting service [Tomcat]
2019-04-29 15:25:25.007 [main] INFO  org.apache.catalina.core.StandardEngine - Starting Servlet engine: [Apache Tomcat/9.0.16]
2019-04-29 15:25:25.015 [main] INFO  org.apache.catalina.core.AprLifecycleListener - The APR based Apache Tomcat Native library which allows optimal performance in production environments was not found on the java.library.path: [D:\code softwore\Java\jdk1.8.0_201\bin;C:\Windows\Sun\Java\bin;C:\Windows\system32;C:\Windows;C:\Windows\system32;C:\Windows;C:\Windows\System32\Wbem;C:\Windows\System32\WindowsPowerShell\v1.0\;D:\code softwore\Java\jdk1.8.0_201\bin;D:\code softwore\Java\jdk1.8.0_201\jre\bin;D:\code softwore\apache-maven-3.6.0\bin;C:\MyTools\Git\cmd;D:\code softwore\mysql-5.7.25-winx64;;.]
2019-04-29 15:25:25.125 [main] INFO  o.a.c.core.ContainerBase.[Tomcat].[localhost].[/] - Initializing Spring embedded WebApplicationContext
2019-04-29 15:25:25.125 [main] INFO  org.springframework.web.context.ContextLoader - Root WebApplicationContext: initialization completed in 1586 ms
2019-04-29 15:25:25.477 [main] INFO  o.s.scheduling.concurrent.ThreadPoolTaskExecutor - Initializing ExecutorService 'applicationTaskExecutor'
2019-04-29 15:25:25.721 [main] INFO  org.apache.coyote.http11.Http11NioProtocol - Starting ProtocolHandler ["http-nio-8089"]
2019-04-29 15:25:25.856 [main] INFO  o.s.boot.web.embedded.tomcat.TomcatWebServer - Tomcat started on port(s): 8089 (http) with context path ''
2019-04-29 15:25:25.859 [main] INFO  manager.ManagerApplication - Started ManagerApplication in 3.196 seconds (JVM running for 4.33)
2019-04-29 15:25:41.545 [http-nio-8089-exec-1] INFO  o.a.c.core.ContainerBase.[Tomcat].[localhost].[/] - Initializing Spring DispatcherServlet 'dispatcherServlet'
2019-04-29 15:25:41.546 [http-nio-8089-exec-1] INFO  org.springframework.web.servlet.DispatcherServlet - Initializing Servlet 'dispatcherServlet'
2019-04-29 15:25:41.553 [http-nio-8089-exec-1] INFO  org.springframework.web.servlet.DispatcherServlet - Completed initialization in 7 ms
2019-04-29 15:25:42.961 [http-nio-8089-exec-2] INFO  com.zaxxer.hikari.HikariDataSource - HikariPool-1 - Starting...
2019-04-29 15:25:43.069 [http-nio-8089-exec-2] INFO  com.zaxxer.hikari.HikariDataSource - HikariPool-1 - Start completed.
2019-04-29 15:34:00.753 [main] INFO  manager.ManagerApplication - Starting ManagerApplication on ZMVN4T8LWFXJUDF with PID 13096 (C:\Users\Administrator\IdeaProjects\myshopManager\target\classes started by Administrator in C:\Users\Administrator\IdeaProjects\myshopManager)
2019-04-29 15:34:00.776 [main] INFO  manager.ManagerApplication - No active profile set, falling back to default profiles: default
2019-04-29 15:34:03.147 [main] INFO  o.s.boot.web.embedded.tomcat.TomcatWebServer - Tomcat initialized with port(s): 8089 (http)
2019-04-29 15:34:03.162 [main] INFO  org.apache.coyote.http11.Http11NioProtocol - Initializing ProtocolHandler ["http-nio-8089"]
2019-04-29 15:34:03.171 [main] INFO  org.apache.catalina.core.StandardService - Starting service [Tomcat]
2019-04-29 15:34:03.172 [main] INFO  org.apache.catalina.core.StandardEngine - Starting Servlet engine: [Apache Tomcat/9.0.16]
2019-04-29 15:34:03.178 [main] INFO  org.apache.catalina.core.AprLifecycleListener - The APR based Apache Tomcat Native library which allows optimal performance in production environments was not found on the java.library.path: [D:\code softwore\Java\jdk1.8.0_201\bin;C:\Windows\Sun\Java\bin;C:\Windows\system32;C:\Windows;C:\Windows\system32;C:\Windows;C:\Windows\System32\Wbem;C:\Windows\System32\WindowsPowerShell\v1.0\;D:\code softwore\Java\jdk1.8.0_201\bin;D:\code softwore\Java\jdk1.8.0_201\jre\bin;D:\code softwore\apache-maven-3.6.0\bin;C:\MyTools\Git\cmd;D:\code softwore\mysql-5.7.25-winx64;;.]
2019-04-29 15:34:03.290 [main] INFO  o.a.c.core.ContainerBase.[Tomcat].[localhost].[/] - Initializing Spring embedded WebApplicationContext
2019-04-29 15:34:03.291 [main] INFO  org.springframework.web.context.ContextLoader - Root WebApplicationContext: initialization completed in 2460 ms
2019-04-29 15:34:03.718 [main] INFO  o.s.scheduling.concurrent.ThreadPoolTaskExecutor - Initializing ExecutorService 'applicationTaskExecutor'
2019-04-29 15:34:04.179 [main] INFO  org.apache.coyote.http11.Http11NioProtocol - Starting ProtocolHandler ["http-nio-8089"]
2019-04-29 15:34:04.356 [main] INFO  o.s.boot.web.embedded.tomcat.TomcatWebServer - Tomcat started on port(s): 8089 (http) with context path ''
2019-04-29 15:34:04.361 [main] INFO  manager.ManagerApplication - Started ManagerApplication in 4.335 seconds (JVM running for 5.245)
2019-04-29 15:34:14.943 [http-nio-8089-exec-1] INFO  o.a.c.core.ContainerBase.[Tomcat].[localhost].[/] - Initializing Spring DispatcherServlet 'dispatcherServlet'
2019-04-29 15:34:14.944 [http-nio-8089-exec-1] INFO  org.springframework.web.servlet.DispatcherServlet - Initializing Servlet 'dispatcherServlet'
2019-04-29 15:34:14.951 [http-nio-8089-exec-1] INFO  org.springframework.web.servlet.DispatcherServlet - Completed initialization in 7 ms
2019-04-29 15:34:18.754 [http-nio-8089-exec-4] INFO  com.zaxxer.hikari.HikariDataSource - HikariPool-1 - Starting...
2019-04-29 15:34:18.860 [http-nio-8089-exec-4] INFO  com.zaxxer.hikari.HikariDataSource - HikariPool-1 - Start completed.
2019-04-29 15:35:40.693 [main] INFO  manager.ManagerApplication - Starting ManagerApplication on ZMVN4T8LWFXJUDF with PID 12596 (C:\Users\Administrator\IdeaProjects\myshopManager\target\classes started by Administrator in C:\Users\Administrator\IdeaProjects\myshopManager)
2019-04-29 15:35:40.697 [main] INFO  manager.ManagerApplication - No active profile set, falling back to default profiles: default
2019-04-29 15:35:42.798 [main] INFO  o.s.boot.web.embedded.tomcat.TomcatWebServer - Tomcat initialized with port(s): 8089 (http)
2019-04-29 15:35:42.816 [main] INFO  org.apache.coyote.http11.Http11NioProtocol - Initializing ProtocolHandler ["http-nio-8089"]
2019-04-29 15:35:42.837 [main] INFO  org.apache.catalina.core.StandardService - Starting service [Tomcat]
2019-04-29 15:35:42.837 [main] INFO  org.apache.catalina.core.StandardEngine - Starting Servlet engine: [Apache Tomcat/9.0.16]
2019-04-29 15:35:42.843 [main] INFO  org.apache.catalina.core.AprLifecycleListener - The APR based Apache Tomcat Native library which allows optimal performance in production environments was not found on the java.library.path: [D:\code softwore\Java\jdk1.8.0_201\bin;C:\Windows\Sun\Java\bin;C:\Windows\system32;C:\Windows;C:\Windows\system32;C:\Windows;C:\Windows\System32\Wbem;C:\Windows\System32\WindowsPowerShell\v1.0\;D:\code softwore\Java\jdk1.8.0_201\bin;D:\code softwore\Java\jdk1.8.0_201\jre\bin;D:\code softwore\apache-maven-3.6.0\bin;C:\MyTools\Git\cmd;D:\code softwore\mysql-5.7.25-winx64;;.]
2019-04-29 15:35:42.945 [main] INFO  o.a.c.core.ContainerBase.[Tomcat].[localhost].[/] - Initializing Spring embedded WebApplicationContext
2019-04-29 15:35:42.945 [main] INFO  org.springframework.web.context.ContextLoader - Root WebApplicationContext: initialization completed in 1927 ms
2019-04-29 15:35:43.309 [main] INFO  o.s.scheduling.concurrent.ThreadPoolTaskExecutor - Initializing ExecutorService 'applicationTaskExecutor'
2019-04-29 15:35:43.552 [main] INFO  org.apache.coyote.http11.Http11NioProtocol - Starting ProtocolHandler ["http-nio-8089"]
2019-04-29 15:35:43.687 [main] INFO  o.s.boot.web.embedded.tomcat.TomcatWebServer - Tomcat started on port(s): 8089 (http) with context path ''
2019-04-29 15:35:43.691 [main] INFO  manager.ManagerApplication - Started ManagerApplication in 3.742 seconds (JVM running for 4.861)
2019-04-29 15:38:11.615 [main] INFO  manager.ManagerApplication - Starting ManagerApplication on ZMVN4T8LWFXJUDF with PID 12868 (C:\Users\Administrator\IdeaProjects\myshopManager\target\classes started by Administrator in C:\Users\Administrator\IdeaProjects\myshopManager)
2019-04-29 15:38:11.661 [main] INFO  manager.ManagerApplication - No active profile set, falling back to default profiles: default
2019-04-29 15:38:13.192 [main] INFO  o.s.boot.web.embedded.tomcat.TomcatWebServer - Tomcat initialized with port(s): 8089 (http)
2019-04-29 15:38:13.208 [main] INFO  org.apache.coyote.http11.Http11NioProtocol - Initializing ProtocolHandler ["http-nio-8089"]
2019-04-29 15:38:13.216 [main] INFO  org.apache.catalina.core.StandardService - Starting service [Tomcat]
2019-04-29 15:38:13.217 [main] INFO  org.apache.catalina.core.StandardEngine - Starting Servlet engine: [Apache Tomcat/9.0.16]
2019-04-29 15:38:13.223 [main] INFO  org.apache.catalina.core.AprLifecycleListener - The APR based Apache Tomcat Native library which allows optimal performance in production environments was not found on the java.library.path: [D:\code softwore\Java\jdk1.8.0_201\bin;C:\Windows\Sun\Java\bin;C:\Windows\system32;C:\Windows;C:\Windows\system32;C:\Windows;C:\Windows\System32\Wbem;C:\Windows\System32\WindowsPowerShell\v1.0\;D:\code softwore\Java\jdk1.8.0_201\bin;D:\code softwore\Java\jdk1.8.0_201\jre\bin;D:\code softwore\apache-maven-3.6.0\bin;C:\MyTools\Git\cmd;D:\code softwore\mysql-5.7.25-winx64;;.]
2019-04-29 15:38:13.325 [main] INFO  o.a.c.core.ContainerBase.[Tomcat].[localhost].[/] - Initializing Spring embedded WebApplicationContext
2019-04-29 15:38:13.326 [main] INFO  org.springframework.web.context.ContextLoader - Root WebApplicationContext: initialization completed in 1592 ms
2019-04-29 15:38:13.696 [main] INFO  o.s.scheduling.concurrent.ThreadPoolTaskExecutor - Initializing ExecutorService 'applicationTaskExecutor'
2019-04-29 15:38:13.925 [main] INFO  org.apache.coyote.http11.Http11NioProtocol - Starting ProtocolHandler ["http-nio-8089"]
2019-04-29 15:38:14.050 [main] INFO  o.s.boot.web.embedded.tomcat.TomcatWebServer - Tomcat started on port(s): 8089 (http) with context path ''
2019-04-29 15:38:14.054 [main] INFO  manager.ManagerApplication - Started ManagerApplication in 3.375 seconds (JVM running for 4.304)
2019-04-29 15:38:25.110 [http-nio-8089-exec-1] INFO  o.a.c.core.ContainerBase.[Tomcat].[localhost].[/] - Initializing Spring DispatcherServlet 'dispatcherServlet'
2019-04-29 15:38:25.111 [http-nio-8089-exec-1] INFO  org.springframework.web.servlet.DispatcherServlet - Initializing Servlet 'dispatcherServlet'
2019-04-29 15:38:25.117 [http-nio-8089-exec-1] INFO  org.springframework.web.servlet.DispatcherServlet - Completed initialization in 6 ms
2019-04-29 15:38:27.031 [http-nio-8089-exec-2] INFO  com.zaxxer.hikari.HikariDataSource - HikariPool-1 - Starting...
2019-04-29 15:38:27.138 [http-nio-8089-exec-2] INFO  com.zaxxer.hikari.HikariDataSource - HikariPool-1 - Start completed.
2019-04-29 15:40:13.541 [main] INFO  manager.ManagerApplication - Starting ManagerApplication on ZMVN4T8LWFXJUDF with PID 14156 (C:\Users\Administrator\IdeaProjects\myshopManager\target\classes started by Administrator in C:\Users\Administrator\IdeaProjects\myshopManager)
2019-04-29 15:40:13.547 [main] INFO  manager.ManagerApplication - No active profile set, falling back to default profiles: default
2019-04-29 15:40:15.912 [main] INFO  o.s.boot.web.embedded.tomcat.TomcatWebServer - Tomcat initialized with port(s): 8089 (http)
2019-04-29 15:40:15.928 [main] INFO  org.apache.coyote.http11.Http11NioProtocol - Initializing ProtocolHandler ["http-nio-8089"]
2019-04-29 15:40:15.937 [main] INFO  org.apache.catalina.core.StandardService - Starting service [Tomcat]
2019-04-29 15:40:15.937 [main] INFO  org.apache.catalina.core.StandardEngine - Starting Servlet engine: [Apache Tomcat/9.0.16]
2019-04-29 15:40:15.943 [main] INFO  org.apache.catalina.core.AprLifecycleListener - The APR based Apache Tomcat Native library which allows optimal performance in production environments was not found on the java.library.path: [D:\code softwore\Java\jdk1.8.0_201\bin;C:\Windows\Sun\Java\bin;C:\Windows\system32;C:\Windows;C:\Windows\system32;C:\Windows;C:\Windows\System32\Wbem;C:\Windows\System32\WindowsPowerShell\v1.0\;D:\code softwore\Java\jdk1.8.0_201\bin;D:\code softwore\Java\jdk1.8.0_201\jre\bin;D:\code softwore\apache-maven-3.6.0\bin;C:\MyTools\Git\cmd;D:\code softwore\mysql-5.7.25-winx64;;.]
2019-04-29 15:40:16.116 [main] INFO  o.a.c.core.ContainerBase.[Tomcat].[localhost].[/] - Initializing Spring embedded WebApplicationContext
2019-04-29 15:40:16.117 [main] INFO  org.springframework.web.context.ContextLoader - Root WebApplicationContext: initialization completed in 2493 ms
2019-04-29 15:40:16.488 [main] INFO  o.s.scheduling.concurrent.ThreadPoolTaskExecutor - Initializing ExecutorService 'applicationTaskExecutor'
2019-04-29 15:40:16.741 [main] INFO  org.apache.coyote.http11.Http11NioProtocol - Starting ProtocolHandler ["http-nio-8089"]
2019-04-29 15:40:16.876 [main] INFO  o.s.boot.web.embedded.tomcat.TomcatWebServer - Tomcat started on port(s): 8089 (http) with context path ''
2019-04-29 15:40:16.880 [main] INFO  manager.ManagerApplication - Started ManagerApplication in 4.173 seconds (JVM running for 5.1)
2019-04-29 15:41:07.588 [http-nio-8089-exec-1] INFO  o.a.c.core.ContainerBase.[Tomcat].[localhost].[/] - Initializing Spring DispatcherServlet 'dispatcherServlet'
2019-04-29 15:41:07.588 [http-nio-8089-exec-1] INFO  org.springframework.web.servlet.DispatcherServlet - Initializing Servlet 'dispatcherServlet'
2019-04-29 15:41:07.595 [http-nio-8089-exec-1] INFO  org.springframework.web.servlet.DispatcherServlet - Completed initialization in 7 ms
2019-04-29 15:41:07.636 [http-nio-8089-exec-1] INFO  com.zaxxer.hikari.HikariDataSource - HikariPool-1 - Starting...
2019-04-29 15:41:07.748 [http-nio-8089-exec-1] INFO  com.zaxxer.hikari.HikariDataSource - HikariPool-1 - Start completed.
2019-04-29 15:45:05.164 [main] INFO  manager.ManagerApplication - Starting ManagerApplication on ZMVN4T8LWFXJUDF with PID 13416 (C:\Users\Administrator\IdeaProjects\myshopManager\target\classes started by Administrator in C:\Users\Administrator\IdeaProjects\myshopManager)
2019-04-29 15:45:05.169 [main] INFO  manager.ManagerApplication - No active profile set, falling back to default profiles: default
2019-04-29 15:45:07.270 [main] INFO  o.s.boot.web.embedded.tomcat.TomcatWebServer - Tomcat initialized with port(s): 8089 (http)
2019-04-29 15:45:07.290 [main] INFO  org.apache.coyote.http11.Http11NioProtocol - Initializing ProtocolHandler ["http-nio-8089"]
2019-04-29 15:45:07.300 [main] INFO  org.apache.catalina.core.StandardService - Starting service [Tomcat]
2019-04-29 15:45:07.301 [main] INFO  org.apache.catalina.core.StandardEngine - Starting Servlet engine: [Apache Tomcat/9.0.16]
2019-04-29 15:45:07.308 [main] INFO  org.apache.catalina.core.AprLifecycleListener - The APR based Apache Tomcat Native library which allows optimal performance in production environments was not found on the java.library.path: [D:\code softwore\Java\jdk1.8.0_201\bin;C:\Windows\Sun\Java\bin;C:\Windows\system32;C:\Windows;C:\Windows\system32;C:\Windows;C:\Windows\System32\Wbem;C:\Windows\System32\WindowsPowerShell\v1.0\;D:\code softwore\Java\jdk1.8.0_201\bin;D:\code softwore\Java\jdk1.8.0_201\jre\bin;D:\code softwore\apache-maven-3.6.0\bin;C:\MyTools\Git\cmd;D:\code softwore\mysql-5.7.25-winx64;;.]
2019-04-29 15:45:07.414 [main] INFO  o.a.c.core.ContainerBase.[Tomcat].[localhost].[/] - Initializing Spring embedded WebApplicationContext
2019-04-29 15:45:07.415 [main] INFO  org.springframework.web.context.ContextLoader - Root WebApplicationContext: initialization completed in 2193 ms
2019-04-29 15:45:07.838 [main] INFO  o.s.scheduling.concurrent.ThreadPoolTaskExecutor - Initializing ExecutorService 'applicationTaskExecutor'
2019-04-29 15:45:08.249 [main] INFO  org.apache.coyote.http11.Http11NioProtocol - Starting ProtocolHandler ["http-nio-8089"]
2019-04-29 15:45:08.398 [main] INFO  o.s.boot.web.embedded.tomcat.TomcatWebServer - Tomcat started on port(s): 8089 (http) with context path ''
2019-04-29 15:45:08.402 [main] INFO  manager.ManagerApplication - Started ManagerApplication in 3.938 seconds (JVM running for 4.877)
2019-04-29 15:45:21.836 [http-nio-8089-exec-1] INFO  o.a.c.core.ContainerBase.[Tomcat].[localhost].[/] - Initializing Spring DispatcherServlet 'dispatcherServlet'
2019-04-29 15:45:21.836 [http-nio-8089-exec-1] INFO  org.springframework.web.servlet.DispatcherServlet - Initializing Servlet 'dispatcherServlet'
2019-04-29 15:45:21.845 [http-nio-8089-exec-1] INFO  org.springframework.web.servlet.DispatcherServlet - Completed initialization in 8 ms
2019-04-29 15:45:23.464 [http-nio-8089-exec-4] INFO  com.zaxxer.hikari.HikariDataSource - HikariPool-1 - Starting...
2019-04-29 15:45:23.572 [http-nio-8089-exec-4] INFO  com.zaxxer.hikari.HikariDataSource - HikariPool-1 - Start completed.
2019-04-29 15:49:37.843 [main] INFO  manager.ManagerApplication - Starting ManagerApplication on ZMVN4T8LWFXJUDF with PID 13436 (C:\Users\Administrator\IdeaProjects\myshopManager\target\classes started by Administrator in C:\Users\Administrator\IdeaProjects\myshopManager)
2019-04-29 15:49:37.849 [main] INFO  manager.ManagerApplication - No active profile set, falling back to default profiles: default
2019-04-29 15:49:39.518 [main] INFO  o.s.boot.web.embedded.tomcat.TomcatWebServer - Tomcat initialized with port(s): 8089 (http)
2019-04-29 15:49:39.536 [main] INFO  org.apache.coyote.http11.Http11NioProtocol - Initializing ProtocolHandler ["http-nio-8089"]
2019-04-29 15:49:39.547 [main] INFO  org.apache.catalina.core.StandardService - Starting service [Tomcat]
2019-04-29 15:49:39.547 [main] INFO  org.apache.catalina.core.StandardEngine - Starting Servlet engine: [Apache Tomcat/9.0.16]
2019-04-29 15:49:39.554 [main] INFO  org.apache.catalina.core.AprLifecycleListener - The APR based Apache Tomcat Native library which allows optimal performance in production environments was not found on the java.library.path: [D:\code softwore\Java\jdk1.8.0_201\bin;C:\Windows\Sun\Java\bin;C:\Windows\system32;C:\Windows;C:\Windows\system32;C:\Windows;C:\Windows\System32\Wbem;C:\Windows\System32\WindowsPowerShell\v1.0\;D:\code softwore\Java\jdk1.8.0_201\bin;D:\code softwore\Java\jdk1.8.0_201\jre\bin;D:\code softwore\apache-maven-3.6.0\bin;C:\MyTools\Git\cmd;D:\code softwore\mysql-5.7.25-winx64;;.]
2019-04-29 15:49:39.660 [main] INFO  o.a.c.core.ContainerBase.[Tomcat].[localhost].[/] - Initializing Spring embedded WebApplicationContext
2019-04-29 15:49:39.660 [main] INFO  org.springframework.web.context.ContextLoader - Root WebApplicationContext: initialization completed in 1760 ms
2019-04-29 15:49:40.006 [main] INFO  o.s.scheduling.concurrent.ThreadPoolTaskExecutor - Initializing ExecutorService 'applicationTaskExecutor'
2019-04-29 15:49:40.235 [main] INFO  org.apache.coyote.http11.Http11NioProtocol - Starting ProtocolHandler ["http-nio-8089"]
2019-04-29 15:49:40.361 [main] INFO  o.s.boot.web.embedded.tomcat.TomcatWebServer - Tomcat started on port(s): 8089 (http) with context path ''
2019-04-29 15:49:40.365 [main] INFO  manager.ManagerApplication - Started ManagerApplication in 3.216 seconds (JVM running for 4.139)
2019-04-29 15:49:56.201 [http-nio-8089-exec-1] INFO  o.a.c.core.ContainerBase.[Tomcat].[localhost].[/] - Initializing Spring DispatcherServlet 'dispatcherServlet'
2019-04-29 15:49:56.202 [http-nio-8089-exec-1] INFO  org.springframework.web.servlet.DispatcherServlet - Initializing Servlet 'dispatcherServlet'
2019-04-29 15:49:56.209 [http-nio-8089-exec-1] INFO  org.springframework.web.servlet.DispatcherServlet - Completed initialization in 7 ms
2019-04-29 15:50:01.082 [http-nio-8089-exec-4] INFO  com.zaxxer.hikari.HikariDataSource - HikariPool-1 - Starting...
2019-04-29 15:50:01.191 [http-nio-8089-exec-4] INFO  com.zaxxer.hikari.HikariDataSource - HikariPool-1 - Start completed.
2019-04-29 15:51:08.052 [main] INFO  manager.ManagerApplication - Starting ManagerApplication on ZMVN4T8LWFXJUDF with PID 10864 (C:\Users\Administrator\IdeaProjects\myshopManager\target\classes started by Administrator in C:\Users\Administrator\IdeaProjects\myshopManager)
2019-04-29 15:51:08.056 [main] INFO  manager.ManagerApplication - No active profile set, falling back to default profiles: default
2019-04-29 15:51:09.652 [main] INFO  o.s.boot.web.embedded.tomcat.TomcatWebServer - Tomcat initialized with port(s): 8089 (http)
2019-04-29 15:51:09.668 [main] INFO  org.apache.coyote.http11.Http11NioProtocol - Initializing ProtocolHandler ["http-nio-8089"]
2019-04-29 15:51:09.689 [main] INFO  org.apache.catalina.core.StandardService - Starting service [Tomcat]
2019-04-29 15:51:09.689 [main] INFO  org.apache.catalina.core.StandardEngine - Starting Servlet engine: [Apache Tomcat/9.0.16]
2019-04-29 15:51:09.696 [main] INFO  org.apache.catalina.core.AprLifecycleListener - The APR based Apache Tomcat Native library which allows optimal performance in production environments was not found on the java.library.path: [D:\code softwore\Java\jdk1.8.0_201\bin;C:\Windows\Sun\Java\bin;C:\Windows\system32;C:\Windows;C:\Windows\system32;C:\Windows;C:\Windows\System32\Wbem;C:\Windows\System32\WindowsPowerShell\v1.0\;D:\code softwore\Java\jdk1.8.0_201\bin;D:\code softwore\Java\jdk1.8.0_201\jre\bin;D:\code softwore\apache-maven-3.6.0\bin;C:\MyTools\Git\cmd;D:\code softwore\mysql-5.7.25-winx64;;.]
2019-04-29 15:51:09.875 [main] INFO  o.a.c.core.ContainerBase.[Tomcat].[localhost].[/] - Initializing Spring embedded WebApplicationContext
2019-04-29 15:51:09.876 [main] INFO  org.springframework.web.context.ContextLoader - Root WebApplicationContext: initialization completed in 1761 ms
2019-04-29 15:51:10.246 [main] INFO  o.s.scheduling.concurrent.ThreadPoolTaskExecutor - Initializing ExecutorService 'applicationTaskExecutor'
2019-04-29 15:51:10.489 [main] INFO  org.apache.coyote.http11.Http11NioProtocol - Starting ProtocolHandler ["http-nio-8089"]
2019-04-29 15:51:10.620 [main] INFO  o.s.boot.web.embedded.tomcat.TomcatWebServer - Tomcat started on port(s): 8089 (http) with context path ''
2019-04-29 15:51:10.623 [main] INFO  manager.ManagerApplication - Started ManagerApplication in 3.378 seconds (JVM running for 4.291)
2019-04-29 15:51:31.746 [http-nio-8089-exec-1] INFO  o.a.c.core.ContainerBase.[Tomcat].[localhost].[/] - Initializing Spring DispatcherServlet 'dispatcherServlet'
2019-04-29 15:51:31.747 [http-nio-8089-exec-1] INFO  org.springframework.web.servlet.DispatcherServlet - Initializing Servlet 'dispatcherServlet'
2019-04-29 15:51:31.753 [http-nio-8089-exec-1] INFO  org.springframework.web.servlet.DispatcherServlet - Completed initialization in 6 ms
2019-04-29 15:51:33.200 [http-nio-8089-exec-2] INFO  com.zaxxer.hikari.HikariDataSource - HikariPool-1 - Starting...
2019-04-29 15:51:33.307 [http-nio-8089-exec-2] INFO  com.zaxxer.hikari.HikariDataSource - HikariPool-1 - Start completed.
2019-04-29 15:53:06.945 [main] INFO  manager.ManagerApplication - Starting ManagerApplication on ZMVN4T8LWFXJUDF with PID 13560 (C:\Users\Administrator\IdeaProjects\myshopManager\target\classes started by Administrator in C:\Users\Administrator\IdeaProjects\myshopManager)
2019-04-29 15:53:06.949 [main] INFO  manager.ManagerApplication - No active profile set, falling back to default profiles: default
2019-04-29 15:53:08.516 [main] INFO  o.s.boot.web.embedded.tomcat.TomcatWebServer - Tomcat initialized with port(s): 8089 (http)
2019-04-29 15:53:08.545 [main] INFO  org.apache.coyote.http11.Http11NioProtocol - Initializing ProtocolHandler ["http-nio-8089"]
2019-04-29 15:53:08.555 [main] INFO  org.apache.catalina.core.StandardService - Starting service [Tomcat]
2019-04-29 15:53:08.555 [main] INFO  org.apache.catalina.core.StandardEngine - Starting Servlet engine: [Apache Tomcat/9.0.16]
2019-04-29 15:53:08.562 [main] INFO  org.apache.catalina.core.AprLifecycleListener - The APR based Apache Tomcat Native library which allows optimal performance in production environments was not found on the java.library.path: [D:\code softwore\Java\jdk1.8.0_201\bin;C:\Windows\Sun\Java\bin;C:\Windows\system32;C:\Windows;C:\Windows\system32;C:\Windows;C:\Windows\System32\Wbem;C:\Windows\System32\WindowsPowerShell\v1.0\;D:\code softwore\Java\jdk1.8.0_201\bin;D:\code softwore\Java\jdk1.8.0_201\jre\bin;D:\code softwore\apache-maven-3.6.0\bin;C:\MyTools\Git\cmd;D:\code softwore\mysql-5.7.25-winx64;;.]
2019-04-29 15:53:08.740 [main] INFO  o.a.c.core.ContainerBase.[Tomcat].[localhost].[/] - Initializing Spring embedded WebApplicationContext
2019-04-29 15:53:08.740 [main] INFO  org.springframework.web.context.ContextLoader - Root WebApplicationContext: initialization completed in 1659 ms
2019-04-29 15:53:09.109 [main] INFO  o.s.scheduling.concurrent.ThreadPoolTaskExecutor - Initializing ExecutorService 'applicationTaskExecutor'
2019-04-29 15:53:09.359 [main] INFO  org.apache.coyote.http11.Http11NioProtocol - Starting ProtocolHandler ["http-nio-8089"]
2019-04-29 15:53:09.493 [main] INFO  o.s.boot.web.embedded.tomcat.TomcatWebServer - Tomcat started on port(s): 8089 (http) with context path ''
2019-04-29 15:53:09.496 [main] INFO  manager.ManagerApplication - Started ManagerApplication in 3.291 seconds (JVM running for 4.226)
2019-04-29 15:53:16.538 [http-nio-8089-exec-1] INFO  o.a.c.core.ContainerBase.[Tomcat].[localhost].[/] - Initializing Spring DispatcherServlet 'dispatcherServlet'
2019-04-29 15:53:16.538 [http-nio-8089-exec-1] INFO  org.springframework.web.servlet.DispatcherServlet - Initializing Servlet 'dispatcherServlet'
2019-04-29 15:53:16.545 [http-nio-8089-exec-1] INFO  org.springframework.web.servlet.DispatcherServlet - Completed initialization in 6 ms
2019-04-29 15:53:16.585 [http-nio-8089-exec-1] INFO  com.zaxxer.hikari.HikariDataSource - HikariPool-1 - Starting...
2019-04-29 15:53:16.696 [http-nio-8089-exec-1] INFO  com.zaxxer.hikari.HikariDataSource - HikariPool-1 - Start completed.
2019-04-29 15:59:15.378 [main] INFO  manager.ManagerApplication - Starting ManagerApplication on ZMVN4T8LWFXJUDF with PID 13576 (C:\Users\Administrator\IdeaProjects\myshopManager\target\classes started by Administrator in C:\Users\Administrator\IdeaProjects\myshopManager)
2019-04-29 15:59:15.382 [main] INFO  manager.ManagerApplication - No active profile set, falling back to default profiles: default
2019-04-29 15:59:17.025 [main] INFO  o.s.boot.web.embedded.tomcat.TomcatWebServer - Tomcat initialized with port(s): 8089 (http)
2019-04-29 15:59:17.053 [main] INFO  org.apache.coyote.http11.Http11NioProtocol - Initializing ProtocolHandler ["http-nio-8089"]
2019-04-29 15:59:17.061 [main] INFO  org.apache.catalina.core.StandardService - Starting service [Tomcat]
2019-04-29 15:59:17.062 [main] INFO  org.apache.catalina.core.StandardEngine - Starting Servlet engine: [Apache Tomcat/9.0.16]
2019-04-29 15:59:17.068 [main] INFO  org.apache.catalina.core.AprLifecycleListener - The APR based Apache Tomcat Native library which allows optimal performance in production environments was not found on the java.library.path: [D:\code softwore\Java\jdk1.8.0_201\bin;C:\Windows\Sun\Java\bin;C:\Windows\system32;C:\Windows;C:\Windows\system32;C:\Windows;C:\Windows\System32\Wbem;C:\Windows\System32\WindowsPowerShell\v1.0\;D:\code softwore\Java\jdk1.8.0_201\bin;D:\code softwore\Java\jdk1.8.0_201\jre\bin;D:\code softwore\apache-maven-3.6.0\bin;C:\MyTools\Git\cmd;D:\code softwore\mysql-5.7.25-winx64;;.]
2019-04-29 15:59:17.178 [main] INFO  o.a.c.core.ContainerBase.[Tomcat].[localhost].[/] - Initializing Spring embedded WebApplicationContext
2019-04-29 15:59:17.178 [main] INFO  org.springframework.web.context.ContextLoader - Root WebApplicationContext: initialization completed in 1723 ms
2019-04-29 15:59:17.584 [main] INFO  o.s.scheduling.concurrent.ThreadPoolTaskExecutor - Initializing ExecutorService 'applicationTaskExecutor'
2019-04-29 15:59:17.849 [main] INFO  org.apache.coyote.http11.Http11NioProtocol - Starting ProtocolHandler ["http-nio-8089"]
2019-04-29 15:59:18.085 [main] INFO  o.s.boot.web.embedded.tomcat.TomcatWebServer - Tomcat started on port(s): 8089 (http) with context path ''
2019-04-29 15:59:18.095 [main] INFO  manager.ManagerApplication - Started ManagerApplication in 3.475 seconds (JVM running for 4.482)
2019-04-29 15:59:30.607 [http-nio-8089-exec-4] INFO  o.a.c.core.ContainerBase.[Tomcat].[localhost].[/] - Initializing Spring DispatcherServlet 'dispatcherServlet'
2019-04-29 15:59:30.608 [http-nio-8089-exec-4] INFO  org.springframework.web.servlet.DispatcherServlet - Initializing Servlet 'dispatcherServlet'
2019-04-29 15:59:30.614 [http-nio-8089-exec-4] INFO  org.springframework.web.servlet.DispatcherServlet - Completed initialization in 6 ms
2019-04-29 15:59:31.645 [http-nio-8089-exec-9] INFO  com.zaxxer.hikari.HikariDataSource - HikariPool-1 - Starting...
2019-04-29 15:59:31.755 [http-nio-8089-exec-9] INFO  com.zaxxer.hikari.HikariDataSource - HikariPool-1 - Start completed.
2019-04-29 16:01:07.501 [main] INFO  manager.ManagerApplication - Starting ManagerApplication on ZMVN4T8LWFXJUDF with PID 9820 (C:\Users\Administrator\IdeaProjects\myshopManager\target\classes started by Administrator in C:\Users\Administrator\IdeaProjects\myshopManager)
2019-04-29 16:01:07.506 [main] INFO  manager.ManagerApplication - No active profile set, falling back to default profiles: default
2019-04-29 16:01:09.153 [main] INFO  o.s.boot.web.embedded.tomcat.TomcatWebServer - Tomcat initialized with port(s): 8089 (http)
2019-04-29 16:01:09.180 [main] INFO  org.apache.coyote.http11.Http11NioProtocol - Initializing ProtocolHandler ["http-nio-8089"]
2019-04-29 16:01:09.188 [main] INFO  org.apache.catalina.core.StandardService - Starting service [Tomcat]
2019-04-29 16:01:09.188 [main] INFO  org.apache.catalina.core.StandardEngine - Starting Servlet engine: [Apache Tomcat/9.0.16]
2019-04-29 16:01:09.195 [main] INFO  org.apache.catalina.core.AprLifecycleListener - The APR based Apache Tomcat Native library which allows optimal performance in production environments was not found on the java.library.path: [D:\code softwore\Java\jdk1.8.0_201\bin;C:\Windows\Sun\Java\bin;C:\Windows\system32;C:\Windows;C:\Windows\system32;C:\Windows;C:\Windows\System32\Wbem;C:\Windows\System32\WindowsPowerShell\v1.0\;D:\code softwore\Java\jdk1.8.0_201\bin;D:\code softwore\Java\jdk1.8.0_201\jre\bin;D:\code softwore\apache-maven-3.6.0\bin;C:\MyTools\Git\cmd;D:\code softwore\mysql-5.7.25-winx64;;.]
2019-04-29 16:01:09.296 [main] INFO  o.a.c.core.ContainerBase.[Tomcat].[localhost].[/] - Initializing Spring embedded WebApplicationContext
2019-04-29 16:01:09.296 [main] INFO  org.springframework.web.context.ContextLoader - Root WebApplicationContext: initialization completed in 1700 ms
2019-04-29 16:01:09.651 [main] INFO  o.s.scheduling.concurrent.ThreadPoolTaskExecutor - Initializing ExecutorService 'applicationTaskExecutor'
2019-04-29 16:01:09.930 [main] INFO  org.apache.coyote.http11.Http11NioProtocol - Starting ProtocolHandler ["http-nio-8089"]
2019-04-29 16:01:10.075 [main] INFO  o.s.boot.web.embedded.tomcat.TomcatWebServer - Tomcat started on port(s): 8089 (http) with context path ''
2019-04-29 16:01:10.078 [main] INFO  manager.ManagerApplication - Started ManagerApplication in 3.323 seconds (JVM running for 4.249)
2019-04-29 16:01:14.263 [http-nio-8089-exec-1] INFO  o.a.c.core.ContainerBase.[Tomcat].[localhost].[/] - Initializing Spring DispatcherServlet 'dispatcherServlet'
2019-04-29 16:01:14.264 [http-nio-8089-exec-1] INFO  org.springframework.web.servlet.DispatcherServlet - Initializing Servlet 'dispatcherServlet'
2019-04-29 16:01:14.270 [http-nio-8089-exec-1] INFO  org.springframework.web.servlet.DispatcherServlet - Completed initialization in 6 ms
2019-04-29 16:01:15.434 [http-nio-8089-exec-2] INFO  com.zaxxer.hikari.HikariDataSource - HikariPool-1 - Starting...
2019-04-29 16:01:15.568 [http-nio-8089-exec-2] INFO  com.zaxxer.hikari.HikariDataSource - HikariPool-1 - Start completed.
2019-04-29 16:07:20.806 [main] INFO  manager.ManagerApplication - Starting ManagerApplication on ZMVN4T8LWFXJUDF with PID 14168 (C:\Users\Administrator\IdeaProjects\myshopManager\target\classes started by Administrator in C:\Users\Administrator\IdeaProjects\myshopManager)
2019-04-29 16:07:20.811 [main] INFO  manager.ManagerApplication - No active profile set, falling back to default profiles: default
2019-04-29 16:07:22.353 [main] INFO  o.s.boot.web.embedded.tomcat.TomcatWebServer - Tomcat initialized with port(s): 8089 (http)
2019-04-29 16:07:22.380 [main] INFO  org.apache.coyote.http11.Http11NioProtocol - Initializing ProtocolHandler ["http-nio-8089"]
2019-04-29 16:07:22.389 [main] INFO  org.apache.catalina.core.StandardService - Starting service [Tomcat]
2019-04-29 16:07:22.389 [main] INFO  org.apache.catalina.core.StandardEngine - Starting Servlet engine: [Apache Tomcat/9.0.16]
2019-04-29 16:07:22.397 [main] INFO  org.apache.catalina.core.AprLifecycleListener - The APR based Apache Tomcat Native library which allows optimal performance in production environments was not found on the java.library.path: [D:\code softwore\Java\jdk1.8.0_201\bin;C:\Windows\Sun\Java\bin;C:\Windows\system32;C:\Windows;C:\Windows\system32;C:\Windows;C:\Windows\System32\Wbem;C:\Windows\System32\WindowsPowerShell\v1.0\;D:\code softwore\Java\jdk1.8.0_201\bin;D:\code softwore\Java\jdk1.8.0_201\jre\bin;D:\code softwore\apache-maven-3.6.0\bin;C:\MyTools\Git\cmd;D:\code softwore\mysql-5.7.25-winx64;;.]
2019-04-29 16:07:22.505 [main] INFO  o.a.c.core.ContainerBase.[Tomcat].[localhost].[/] - Initializing Spring embedded WebApplicationContext
2019-04-29 16:07:22.505 [main] INFO  org.springframework.web.context.ContextLoader - Root WebApplicationContext: initialization completed in 1552 ms
2019-04-29 16:07:22.863 [main] INFO  o.s.scheduling.concurrent.ThreadPoolTaskExecutor - Initializing ExecutorService 'applicationTaskExecutor'
2019-04-29 16:07:23.104 [main] INFO  org.apache.coyote.http11.Http11NioProtocol - Starting ProtocolHandler ["http-nio-8089"]
2019-04-29 16:07:23.229 [main] INFO  o.s.boot.web.embedded.tomcat.TomcatWebServer - Tomcat started on port(s): 8089 (http) with context path ''
2019-04-29 16:07:23.232 [main] INFO  manager.ManagerApplication - Started ManagerApplication in 3.141 seconds (JVM running for 4.044)
2019-04-29 16:07:32.936 [http-nio-8089-exec-1] INFO  o.a.c.core.ContainerBase.[Tomcat].[localhost].[/] - Initializing Spring DispatcherServlet 'dispatcherServlet'
2019-04-29 16:07:32.937 [http-nio-8089-exec-1] INFO  org.springframework.web.servlet.DispatcherServlet - Initializing Servlet 'dispatcherServlet'
2019-04-29 16:07:32.944 [http-nio-8089-exec-1] INFO  org.springframework.web.servlet.DispatcherServlet - Completed initialization in 7 ms
2019-04-29 16:07:35.284 [http-nio-8089-exec-2] INFO  com.zaxxer.hikari.HikariDataSource - HikariPool-1 - Starting...
2019-04-29 16:07:35.390 [http-nio-8089-exec-2] INFO  com.zaxxer.hikari.HikariDataSource - HikariPool-1 - Start completed.
2019-04-29 16:21:23.121 [main] INFO  manager.ManagerApplication - Starting ManagerApplication on ZMVN4T8LWFXJUDF with PID 9528 (C:\Users\Administrator\IdeaProjects\myshopManager\target\classes started by Administrator in C:\Users\Administrator\IdeaProjects\myshopManager)
2019-04-29 16:21:23.128 [main] INFO  manager.ManagerApplication - No active profile set, falling back to default profiles: default
2019-04-29 16:21:24.838 [main] INFO  o.s.boot.web.embedded.tomcat.TomcatWebServer - Tomcat initialized with port(s): 8089 (http)
2019-04-29 16:21:24.854 [main] INFO  org.apache.coyote.http11.Http11NioProtocol - Initializing ProtocolHandler ["http-nio-8089"]
2019-04-29 16:21:24.878 [main] INFO  org.apache.catalina.core.StandardService - Starting service [Tomcat]
2019-04-29 16:21:24.878 [main] INFO  org.apache.catalina.core.StandardEngine - Starting Servlet engine: [Apache Tomcat/9.0.16]
2019-04-29 16:21:24.884 [main] INFO  org.apache.catalina.core.AprLifecycleListener - The APR based Apache Tomcat Native library which allows optimal performance in production environments was not found on the java.library.path: [D:\code softwore\Java\jdk1.8.0_201\bin;C:\Windows\Sun\Java\bin;C:\Windows\system32;C:\Windows;C:\Windows\system32;C:\Windows;C:\Windows\System32\Wbem;C:\Windows\System32\WindowsPowerShell\v1.0\;D:\code softwore\Java\jdk1.8.0_201\bin;D:\code softwore\Java\jdk1.8.0_201\jre\bin;D:\code softwore\apache-maven-3.6.0\bin;C:\MyTools\Git\cmd;D:\code softwore\mysql-5.7.25-winx64;;.]
2019-04-29 16:21:24.986 [main] INFO  o.a.c.core.ContainerBase.[Tomcat].[localhost].[/] - Initializing Spring embedded WebApplicationContext
2019-04-29 16:21:24.986 [main] INFO  org.springframework.web.context.ContextLoader - Root WebApplicationContext: initialization completed in 1573 ms
2019-04-29 16:21:25.401 [main] INFO  o.s.scheduling.concurrent.ThreadPoolTaskExecutor - Initializing ExecutorService 'applicationTaskExecutor'
2019-04-29 16:21:25.661 [main] INFO  org.apache.coyote.http11.Http11NioProtocol - Starting ProtocolHandler ["http-nio-8089"]
2019-04-29 16:21:25.791 [main] INFO  o.s.boot.web.embedded.tomcat.TomcatWebServer - Tomcat started on port(s): 8089 (http) with context path ''
2019-04-29 16:21:25.795 [main] INFO  manager.ManagerApplication - Started ManagerApplication in 3.672 seconds (JVM running for 5.061)
2019-04-29 16:21:28.592 [http-nio-8089-exec-1] INFO  o.a.c.core.ContainerBase.[Tomcat].[localhost].[/] - Initializing Spring DispatcherServlet 'dispatcherServlet'
2019-04-29 16:21:28.594 [http-nio-8089-exec-1] INFO  org.springframework.web.servlet.DispatcherServlet - Initializing Servlet 'dispatcherServlet'
2019-04-29 16:21:28.605 [http-nio-8089-exec-1] INFO  org.springframework.web.servlet.DispatcherServlet - Completed initialization in 10 ms
2019-04-29 16:21:28.656 [http-nio-8089-exec-1] INFO  com.zaxxer.hikari.HikariDataSource - HikariPool-1 - Starting...
2019-04-29 16:21:28.764 [http-nio-8089-exec-1] INFO  com.zaxxer.hikari.HikariDataSource - HikariPool-1 - Start completed.
